[2019-02-25 12:05:45] local.ERROR: SQLSTATE[HY000] [2002] Connection refused (SQL: select * from information_schema.tables where table_schema = laravelAuth and table_name = migrations) {"exception":"[object] (Illuminate\\Database\\QueryException(code: 2002): SQLSTATE[HY000] [2002] Connection refused (SQL: select * from information_schema.tables where table_schema = laravelAuth and table_name = migrations) at /Users/Duttydi/projekt/laravel-auth/vendor/laravel/framework/src/Illuminate/Database/Connection.php:664, Doctrine\\DBAL\\Driver\\PDOException(code: 2002): SQLSTATE[HY000] [2002] Connection refused at /Users/Duttydi/projekt/laravel-auth/vendor/doctrine/dbal/lib/Doctrine/DBAL/Driver/PDOConnection.php:31, PDOException(code: 2002): SQLSTATE[HY000] [2002] Connection refused at /Users/Duttydi/projekt/laravel-auth/vendor/doctrine/dbal/lib/Doctrine/DBAL/Driver/PDOConnection.php:27)
[stacktrace]
#0 /Users/Duttydi/projekt/laravel-auth/vendor/laravel/framework/src/Illuminate/Database/Connection.php(624): Illuminate\\Database\\Connection->runQueryCallback('select * from i...', Array, Object(Closure))
#1 /Users/Duttydi/projekt/laravel-auth/vendor/laravel/framework/src/Illuminate/Database/Connection.php(333): Illuminate\\Database\\Connection->run('select * from i...', Array, Object(Closure))
#2 /Users/Duttydi/projekt/laravel-auth/vendor/laravel/framework/src/Illuminate/Database/Schema/MySqlBuilder.php(18): Illuminate\\Database\\Connection->select('select * from i...', Array)
#3 /Users/Duttydi/projekt/laravel-auth/vendor/laravel/framework/src/Illuminate/Database/Migrations/DatabaseMigrationRepository.php(169): Illuminate\\Database\\Schema\\MySqlBuilder->hasTable('migrations')
#4 /Users/Duttydi/projekt/laravel-auth/vendor/laravel/framework/src/Illuminate/Database/Migrations/Migrator.php(556): Illuminate\\Database\\Migrations\\DatabaseMigrationRepository->repositoryExists()
#5 /Users/Duttydi/projekt/laravel-auth/vendor/laravel/framework/src/Illuminate/Database/Console/Migrations/MigrateCommand.php(91): Illuminate\\Database\\Migrations\\Migrator->repositoryExists()
#6 /Users/Duttydi/projekt/laravel-auth/vendor/laravel/framework/src/Illuminate/Database/Console/Migrations/MigrateCommand.php(63): Illuminate\\Database\\Console\\Migrations\\MigrateCommand->prepareDatabase()
#7 [internal function]: Illuminate\\Database\\Console\\Migrations\\MigrateCommand->handle()
#8 /Users/Duttydi/projekt/laravel-auth/vendor/laravel/framework/src/Illuminate/Container/BoundMethod.php(29): call_user_func_array(Array, Array)
#9 /Users/Duttydi/projekt/laravel-auth/vendor/laravel/framework/src/Illuminate/Container/BoundMethod.php(87): Illuminate\\Container\\BoundMethod::Illuminate\\Container\\{closure}()
#10 /Users/Duttydi/projekt/laravel-auth/vendor/laravel/framework/src/Illuminate/Container/BoundMethod.php(31): Illuminate\\Container\\BoundMethod::callBoundMethod(Object(Illuminate\\Foundation\\Application), Array, Object(Closure))
#11 /Users/Duttydi/projekt/laravel-auth/vendor/laravel/framework/src/Illuminate/Container/Container.php(572): Illuminate\\Container\\BoundMethod::call(Object(Illuminate\\Foundation\\Application), Array, Array, NULL)
#12 /Users/Duttydi/projekt/laravel-auth/vendor/laravel/framework/src/Illuminate/Console/Command.php(183): Illuminate\\Container\\Container->call(Array)
#13 /Users/Duttydi/projekt/laravel-auth/vendor/symfony/console/Command/Command.php(255): Illuminate\\Console\\Command->execute(Object(Symfony\\Component\\Console\\Input\\ArgvInput), Object(Illuminate\\Console\\OutputStyle))
#14 /Users/Duttydi/projekt/laravel-auth/vendor/laravel/framework/src/Illuminate/Console/Command.php(170): Symfony\\Component\\Console\\Command\\Command->run(Object(Symfony\\Component\\Console\\Input\\ArgvInput), Object(Illuminate\\Console\\OutputStyle))
#15 /Users/Duttydi/projekt/laravel-auth/vendor/symfony/console/Application.php(901): Illuminate\\Console\\Command->run(Object(Symfony\\Component\\Console\\Input\\ArgvInput), Object(Symfony\\Component\\Console\\Output\\ConsoleOutput))
#16 /Users/Duttydi/projekt/laravel-auth/vendor/symfony/console/Application.php(262): Symfony\\Component\\Console\\Application->doRunCommand(Object(Illuminate\\Database\\Console\\Migrations\\MigrateCommand), Object(Symfony\\Component\\Console\\Input\\ArgvInput), Object(Symfony\\Component\\Console\\Output\\ConsoleOutput))
#17 /Users/Duttydi/projekt/laravel-auth/vendor/symfony/console/Application.php(145): Symfony\\Component\\Console\\Application->doRun(Object(Symfony\\Component\\Console\\Input\\ArgvInput), Object(Symfony\\Component\\Console\\Output\\ConsoleOutput))
#18 /Users/Duttydi/projekt/laravel-auth/vendor/laravel/framework/src/Illuminate/Console/Application.php(89): Symfony\\Component\\Console\\Application->run(Object(Symfony\\Component\\Console\\Input\\ArgvInput), Object(Symfony\\Component\\Console\\Output\\ConsoleOutput))
#19 /Users/Duttydi/projekt/laravel-auth/vendor/laravel/framework/src/Illuminate/Foundation/Console/Kernel.php(122): Illuminate\\Console\\Application->run(Object(Symfony\\Component\\Console\\Input\\ArgvInput), Object(Symfony\\Component\\Console\\Output\\ConsoleOutput))
#20 /Users/Duttydi/projekt/laravel-auth/artisan(37): Illuminate\\Foundation\\Console\\Kernel->handle(Object(Symfony\\Component\\Console\\Input\\ArgvInput), Object(Symfony\\Component\\Console\\Output\\ConsoleOutput))
#21 {main}
"} 
[2019-02-25 12:15:11] local.INFO: User Logged Out.  ["[object] (App\\Models\\User: {\"id\":1,\"name\":\"iwalsh\",\"first_name\":\"Barrett\",\"last_name\":\"Spinka\",\"email\":\"admin@admin.com\",\"signup_ip_address\":null,\"signup_confirmation_ip_address\":\"66.203.199.39\",\"signup_sm_ip_address\":null,\"admin_ip_address\":\"182.6.200.173\",\"updated_ip_address\":null,\"deleted_ip_address\":null,\"created_at\":\"2019-02-25 12:11:07\",\"updated_at\":\"2019-02-25 12:11:07\",\"deleted_at\":null})"] 
[2019-02-25 12:15:52] local.INFO: User Logged Out.  ["[object] (App\\Models\\User: {\"id\":2,\"name\":\"noe28\",\"first_name\":\"Max\",\"last_name\":\"Ondricka\",\"email\":\"user@user.com\",\"signup_ip_address\":\"26.209.142.108\",\"signup_confirmation_ip_address\":\"42.140.30.25\",\"signup_sm_ip_address\":null,\"admin_ip_address\":null,\"updated_ip_address\":null,\"deleted_ip_address\":null,\"created_at\":\"2019-02-25 12:11:07\",\"updated_at\":\"2019-02-25 12:11:07\",\"deleted_at\":null})"] 
[2019-02-25 12:23:45] local.INFO: CheckCurrentUser middlware was used: profile.edit.  ["[object] (App\\Models\\User: {\"id\":2,\"name\":\"noe28\",\"first_name\":\"Max\",\"last_name\":\"Ondricka\",\"email\":\"user@user.com\",\"signup_ip_address\":\"26.209.142.108\",\"signup_confirmation_ip_address\":\"42.140.30.25\",\"signup_sm_ip_address\":null,\"admin_ip_address\":null,\"updated_ip_address\":null,\"deleted_ip_address\":null,\"created_at\":\"2019-02-25 12:11:07\",\"updated_at\":\"2019-02-25 12:11:07\",\"deleted_at\":null,\"profile\":{\"id\":2,\"user_id\":2,\"theme_id\":1,\"location\":null,\"bio\":null,\"twitter_username\":null,\"github_username\":null,\"avatar\":null,\"avatar_status\":0,\"created_at\":\"2019-02-25 12:11:07\",\"updated_at\":\"2019-02-25 12:11:07\"}})"] 
[2019-02-25 12:23:52] local.INFO: User Logged Out.  ["[object] (App\\Models\\User: {\"id\":2,\"name\":\"noe28\",\"first_name\":\"Max\",\"last_name\":\"Ondricka\",\"email\":\"user@user.com\",\"signup_ip_address\":\"26.209.142.108\",\"signup_confirmation_ip_address\":\"42.140.30.25\",\"signup_sm_ip_address\":null,\"admin_ip_address\":null,\"updated_ip_address\":null,\"deleted_ip_address\":null,\"created_at\":\"2019-02-25 12:11:07\",\"updated_at\":\"2019-02-25 12:11:07\",\"deleted_at\":null})"] 
[2019-02-25 12:25:06] local.INFO: User Logged Out.  ["[object] (App\\Models\\User: {\"id\":1,\"name\":\"iwalsh\",\"first_name\":\"Barrett\",\"last_name\":\"Spinka\",\"email\":\"admin@admin.com\",\"signup_ip_address\":null,\"signup_confirmation_ip_address\":\"66.203.199.39\",\"signup_sm_ip_address\":null,\"admin_ip_address\":\"182.6.200.173\",\"updated_ip_address\":null,\"deleted_ip_address\":null,\"created_at\":\"2019-02-25 12:11:07\",\"updated_at\":\"2019-02-25 12:11:07\",\"deleted_at\":null})"] 
[2019-02-26 15:15:38] local.ERROR: Address in mailbox given [] does not comply with RFC 2822, 3.6.2. {"userId":1,"email":"admin@admin.com","exception":"[object] (Swift_RfcComplianceException(code: 0): Address in mailbox given [] does not comply with RFC 2822, 3.6.2. at /home/vagrant/code/u09-imdb-clone/vendor/swiftmailer/swiftmailer/lib/classes/Swift/Mime/Headers/MailboxHeader.php:355)
[stacktrace]
#0 /home/vagrant/code/u09-imdb-clone/vendor/swiftmailer/swiftmailer/lib/classes/Swift/Mime/Headers/MailboxHeader.php(272): Swift_Mime_Headers_MailboxHeader->assertValidAddress('')
#1 /home/vagrant/code/u09-imdb-clone/vendor/swiftmailer/swiftmailer/lib/classes/Swift/Mime/Headers/MailboxHeader.php(117): Swift_Mime_Headers_MailboxHeader->normalizeMailboxes(Array)
#2 /home/vagrant/code/u09-imdb-clone/vendor/swiftmailer/swiftmailer/lib/classes/Swift/Mime/Headers/MailboxHeader.php(74): Swift_Mime_Headers_MailboxHeader->setNameAddresses(Array)
#3 /home/vagrant/code/u09-imdb-clone/vendor/swiftmailer/swiftmailer/lib/classes/Swift/Mime/SimpleMimeEntity.php(600): Swift_Mime_Headers_MailboxHeader->setFieldBodyModel(Array)
#4 /home/vagrant/code/u09-imdb-clone/vendor/swiftmailer/swiftmailer/lib/classes/Swift/Mime/SimpleMessage.php(213): Swift_Mime_SimpleMimeEntity->setHeaderFieldModel('From', Array)
#5 /home/vagrant/code/u09-imdb-clone/vendor/laravel/framework/src/Illuminate/Mail/Message.php(50): Swift_Mime_SimpleMessage->setFrom(Array, 'Laravel 2-Step ...')
#6 /home/vagrant/code/u09-imdb-clone/vendor/laravel/framework/src/Illuminate/Notifications/Channels/MailChannel.php(180): Illuminate\\Mail\\Message->from(NULL, 'Laravel 2-Step ...')
#7 /home/vagrant/code/u09-imdb-clone/vendor/laravel/framework/src/Illuminate/Notifications/Channels/MailChannel.php(153): Illuminate\\Notifications\\Channels\\MailChannel->addSender(Object(Illuminate\\Mail\\Message), Object(Illuminate\\Notifications\\Messages\\MailMessage))
#8 /home/vagrant/code/u09-imdb-clone/vendor/laravel/framework/src/Illuminate/Notifications/Channels/MailChannel.php(129): Illuminate\\Notifications\\Channels\\MailChannel->addressMessage(Object(Illuminate\\Mail\\Message), Object(App\\Models\\User), Object(jeremykenedy\\laravel2step\\App\\Notifications\\SendVerificationCodeEmail), Object(Illuminate\\Notifications\\Messages\\MailMessage))
#9 /home/vagrant/code/u09-imdb-clone/vendor/laravel/framework/src/Illuminate/Notifications/Channels/MailChannel.php(80): Illuminate\\Notifications\\Channels\\MailChannel->buildMessage(Object(Illuminate\\Mail\\Message), Object(App\\Models\\User), Object(jeremykenedy\\laravel2step\\App\\Notifications\\SendVerificationCodeEmail), Object(Illuminate\\Notifications\\Messages\\MailMessage))
#10 [internal function]: Illuminate\\Notifications\\Channels\\MailChannel->Illuminate\\Notifications\\Channels\\{closure}(Object(Illuminate\\Mail\\Message))
#11 /home/vagrant/code/u09-imdb-clone/vendor/laravel/framework/src/Illuminate/Mail/Mailer.php(242): call_user_func(Object(Closure), Object(Illuminate\\Mail\\Message))
#12 /home/vagrant/code/u09-imdb-clone/vendor/laravel/framework/src/Illuminate/Notifications/Channels/MailChannel.php(65): Illuminate\\Mail\\Mailer->send(Object(Illuminate\\Support\\HtmlString), Array, Object(Closure))
#13 /home/vagrant/code/u09-imdb-clone/vendor/laravel/framework/src/Illuminate/Notifications/NotificationSender.php(144): Illuminate\\Notifications\\Channels\\MailChannel->send(Object(App\\Models\\User), Object(jeremykenedy\\laravel2step\\App\\Notifications\\SendVerificationCodeEmail))
#14 /home/vagrant/code/u09-imdb-clone/vendor/laravel/framework/src/Illuminate/Notifications/NotificationSender.php(103): Illuminate\\Notifications\\NotificationSender->sendToNotifiable(Object(App\\Models\\User), '109bbdd0-80cd-4...', Object(jeremykenedy\\laravel2step\\App\\Notifications\\SendVerificationCodeEmail), 'mail')
#15 /home/vagrant/code/u09-imdb-clone/vendor/laravel/framework/src/Illuminate/Support/Traits/Localizable.php(19): Illuminate\\Notifications\\NotificationSender->Illuminate\\Notifications\\{closure}()
#16 /home/vagrant/code/u09-imdb-clone/vendor/laravel/framework/src/Illuminate/Notifications/NotificationSender.php(105): Illuminate\\Notifications\\NotificationSender->withLocale(NULL, Object(Closure))
#17 /home/vagrant/code/u09-imdb-clone/vendor/laravel/framework/src/Illuminate/Notifications/ChannelManager.php(54): Illuminate\\Notifications\\NotificationSender->sendNow(Object(Illuminate\\Database\\Eloquent\\Collection), Object(jeremykenedy\\laravel2step\\App\\Notifications\\SendVerificationCodeEmail), Array)
#18 /home/vagrant/code/u09-imdb-clone/vendor/laravel/framework/src/Illuminate/Notifications/SendQueuedNotifications.php(73): Illuminate\\Notifications\\ChannelManager->sendNow(Object(App\\Models\\User), Object(jeremykenedy\\laravel2step\\App\\Notifications\\SendVerificationCodeEmail), Array)
#19 [internal function]: Illuminate\\Notifications\\SendQueuedNotifications->handle(Object(Illuminate\\Notifications\\ChannelManager))
#20 /home/vagrant/code/u09-imdb-clone/vendor/laravel/framework/src/Illuminate/Container/BoundMethod.php(29): call_user_func_array(Array, Array)
#21 /home/vagrant/code/u09-imdb-clone/vendor/laravel/framework/src/Illuminate/Container/BoundMethod.php(87): Illuminate\\Container\\BoundMethod::Illuminate\\Container\\{closure}()
#22 /home/vagrant/code/u09-imdb-clone/vendor/laravel/framework/src/Illuminate/Container/BoundMethod.php(31): Illuminate\\Container\\BoundMethod::callBoundMethod(Object(Illuminate\\Foundation\\Application), Array, Object(Closure))
#23 /home/vagrant/code/u09-imdb-clone/vendor/laravel/framework/src/Illuminate/Container/Container.php(572): Illuminate\\Container\\BoundMethod::call(Object(Illuminate\\Foundation\\Application), Array, Array, NULL)
#24 /home/vagrant/code/u09-imdb-clone/vendor/laravel/framework/src/Illuminate/Bus/Dispatcher.php(94): Illuminate\\Container\\Container->call(Array)
#25 /home/vagrant/code/u09-imdb-clone/vendor/laravel/framework/src/Illuminate/Pipeline/Pipeline.php(128): Illuminate\\Bus\\Dispatcher->Illuminate\\Bus\\{closure}(Object(Illuminate\\Notifications\\SendQueuedNotifications))
#26 /home/vagrant/code/u09-imdb-clone/vendor/laravel/framework/src/Illuminate/Pipeline/Pipeline.php(104): Illuminate\\Pipeline\\Pipeline->Illuminate\\Pipeline\\{closure}(Object(Illuminate\\Notifications\\SendQueuedNotifications))
#27 /home/vagrant/code/u09-imdb-clone/vendor/laravel/framework/src/Illuminate/Bus/Dispatcher.php(98): Illuminate\\Pipeline\\Pipeline->then(Object(Closure))
#28 /home/vagrant/code/u09-imdb-clone/vendor/laravel/framework/src/Illuminate/Queue/CallQueuedHandler.php(49): Illuminate\\Bus\\Dispatcher->dispatchNow(Object(Illuminate\\Notifications\\SendQueuedNotifications), false)
#29 /home/vagrant/code/u09-imdb-clone/vendor/laravel/framework/src/Illuminate/Queue/Jobs/Job.php(83): Illuminate\\Queue\\CallQueuedHandler->call(Object(Illuminate\\Queue\\Jobs\\SyncJob), Array)
#30 /home/vagrant/code/u09-imdb-clone/vendor/laravel/framework/src/Illuminate/Queue/SyncQueue.php(42): Illuminate\\Queue\\Jobs\\Job->fire()
#31 /home/vagrant/code/u09-imdb-clone/vendor/laravel/framework/src/Illuminate/Bus/Dispatcher.php(184): Illuminate\\Queue\\SyncQueue->push(Object(Illuminate\\Notifications\\SendQueuedNotifications))
#32 /home/vagrant/code/u09-imdb-clone/vendor/laravel/framework/src/Illuminate/Bus/Dispatcher.php(160): Illuminate\\Bus\\Dispatcher->pushCommandToQueue(Object(Illuminate\\Queue\\SyncQueue), Object(Illuminate\\Notifications\\SendQueuedNotifications))
#33 /home/vagrant/code/u09-imdb-clone/vendor/laravel/framework/src/Illuminate/Bus/Dispatcher.php(73): Illuminate\\Bus\\Dispatcher->dispatchToQueue(Object(Illuminate\\Notifications\\SendQueuedNotifications))
#34 /home/vagrant/code/u09-imdb-clone/vendor/laravel/framework/src/Illuminate/Notifications/NotificationSender.php(195): Illuminate\\Bus\\Dispatcher->dispatch(Object(Illuminate\\Notifications\\SendQueuedNotifications))
#35 /home/vagrant/code/u09-imdb-clone/vendor/laravel/framework/src/Illuminate/Notifications/NotificationSender.php(74): Illuminate\\Notifications\\NotificationSender->queueNotification(Object(Illuminate\\Database\\Eloquent\\Collection), Object(jeremykenedy\\laravel2step\\App\\Notifications\\SendVerificationCodeEmail))
#36 /home/vagrant/code/u09-imdb-clone/vendor/laravel/framework/src/Illuminate/Notifications/ChannelManager.php(39): Illuminate\\Notifications\\NotificationSender->send(Object(Illuminate\\Database\\Eloquent\\Collection), Object(jeremykenedy\\laravel2step\\App\\Notifications\\SendVerificationCodeEmail))
#37 /home/vagrant/code/u09-imdb-clone/vendor/laravel/framework/src/Illuminate/Notifications/RoutesNotifications.php(18): Illuminate\\Notifications\\ChannelManager->send(Object(App\\Models\\User), Object(jeremykenedy\\laravel2step\\App\\Notifications\\SendVerificationCodeEmail))
#38 /home/vagrant/code/u09-imdb-clone/vendor/jeremykenedy/laravel2step/src/app/Traits/Laravel2StepTrait.php(226): App\\Models\\User->notify(Object(jeremykenedy\\laravel2step\\App\\Notifications\\SendVerificationCodeEmail))
#39 /home/vagrant/code/u09-imdb-clone/vendor/jeremykenedy/laravel2step/src/app/Http/Controllers/TwoStepController.php(124): jeremykenedy\\laravel2step\\App\\Http\\Controllers\\TwoStepController->sendVerificationCodeNotification(Object(jeremykenedy\\laravel2step\\App\\Models\\TwoStepAuth))
#40 [internal function]: jeremykenedy\\laravel2step\\App\\Http\\Controllers\\TwoStepController->showVerification()
#41 /home/vagrant/code/u09-imdb-clone/vendor/laravel/framework/src/Illuminate/Routing/Controller.php(54): call_user_func_array(Array, Array)
#42 /home/vagrant/code/u09-imdb-clone/vendor/laravel/framework/src/Illuminate/Routing/ControllerDispatcher.php(45): Illuminate\\Routing\\Controller->callAction('showVerificatio...', Array)
#43 /home/vagrant/code/u09-imdb-clone/vendor/laravel/framework/src/Illuminate/Routing/Route.php(219): Illuminate\\Routing\\ControllerDispatcher->dispatch(Object(Illuminate\\Routing\\Route), Object(jeremykenedy\\laravel2step\\App\\Http\\Controllers\\TwoStepController), 'showVerificatio...')
#44 /home/vagrant/code/u09-imdb-clone/vendor/laravel/framework/src/Illuminate/Routing/Route.php(176): Illuminate\\Routing\\Route->runController()
#45 /home/vagrant/code/u09-imdb-clone/vendor/laravel/framework/src/Illuminate/Routing/Router.php(682): Illuminate\\Routing\\Route->run()
#46 /home/vagrant/code/u09-imdb-clone/vendor/laravel/framework/src/Illuminate/Routing/Pipeline.php(30): Illuminate\\Routing\\Router->Illuminate\\Routing\\{closure}(Object(Illuminate\\Http\\Request))
#47 /home/vagrant/code/u09-imdb-clone/vendor/jeremykenedy/laravel2step/src/app/Http/Controllers/TwoStepController.php(36): Illuminate\\Routing\\Pipeline->Illuminate\\Routing\\{closure}(Object(Illuminate\\Http\\Request))
#48 /home/vagrant/code/u09-imdb-clone/vendor/laravel/framework/src/Illuminate/Pipeline/Pipeline.php(145): jeremykenedy\\laravel2step\\App\\Http\\Controllers\\TwoStepController->jeremykenedy\\laravel2step\\App\\Http\\Controllers\\{closure}(Object(Illuminate\\Http\\Request), Object(Closure))
#49 /home/vagrant/code/u09-imdb-clone/vendor/laravel/framework/src/Illuminate/Routing/Pipeline.php(53): Illuminate\\Pipeline\\Pipeline->Illuminate\\Pipeline\\{closure}(Object(Illuminate\\Http\\Request))
#50 /home/vagrant/code/u09-imdb-clone/vendor/laravel/framework/src/Illuminate/Routing/Middleware/SubstituteBindings.php(41): Illuminate\\Routing\\Pipeline->Illuminate\\Routing\\{closure}(Object(Illuminate\\Http\\Request))
#51 /home/vagrant/code/u09-imdb-clone/vendor/laravel/framework/src/Illuminate/Pipeline/Pipeline.php(163): Illuminate\\Routing\\Middleware\\SubstituteBindings->handle(Object(Illuminate\\Http\\Request), Object(Closure))
#52 /home/vagrant/code/u09-imdb-clone/vendor/laravel/framework/src/Illuminate/Routing/Pipeline.php(53): Illuminate\\Pipeline\\Pipeline->Illuminate\\Pipeline\\{closure}(Object(Illuminate\\Http\\Request))
#53 /home/vagrant/code/u09-imdb-clone/vendor/laravel/framework/src/Illuminate/Auth/Middleware/Authenticate.php(43): Illuminate\\Routing\\Pipeline->Illuminate\\Routing\\{closure}(Object(Illuminate\\Http\\Request))
#54 /home/vagrant/code/u09-imdb-clone/vendor/laravel/framework/src/Illuminate/Pipeline/Pipeline.php(163): Illuminate\\Auth\\Middleware\\Authenticate->handle(Object(Illuminate\\Http\\Request), Object(Closure))
#55 /home/vagrant/code/u09-imdb-clone/vendor/laravel/framework/src/Illuminate/Routing/Pipeline.php(53): Illuminate\\Pipeline\\Pipeline->Illuminate\\Pipeline\\{closure}(Object(Illuminate\\Http\\Request))
#56 /home/vagrant/code/u09-imdb-clone/vendor/laravel/framework/src/Illuminate/Foundation/Http/Middleware/VerifyCsrfToken.php(75): Illuminate\\Routing\\Pipeline->Illuminate\\Routing\\{closure}(Object(Illuminate\\Http\\Request))
#57 /home/vagrant/code/u09-imdb-clone/vendor/laravel/framework/src/Illuminate/Pipeline/Pipeline.php(163): Illuminate\\Foundation\\Http\\Middleware\\VerifyCsrfToken->handle(Object(Illuminate\\Http\\Request), Object(Closure))
#58 /home/vagrant/code/u09-imdb-clone/vendor/laravel/framework/src/Illuminate/Routing/Pipeline.php(53): Illuminate\\Pipeline\\Pipeline->Illuminate\\Pipeline\\{closure}(Object(Illuminate\\Http\\Request))
#59 /home/vagrant/code/u09-imdb-clone/vendor/laravel/framework/src/Illuminate/View/Middleware/ShareErrorsFromSession.php(49): Illuminate\\Routing\\Pipeline->Illuminate\\Routing\\{closure}(Object(Illuminate\\Http\\Request))
#60 /home/vagrant/code/u09-imdb-clone/vendor/laravel/framework/src/Illuminate/Pipeline/Pipeline.php(163): Illuminate\\View\\Middleware\\ShareErrorsFromSession->handle(Object(Illuminate\\Http\\Request), Object(Closure))
#61 /home/vagrant/code/u09-imdb-clone/vendor/laravel/framework/src/Illuminate/Routing/Pipeline.php(53): Illuminate\\Pipeline\\Pipeline->Illuminate\\Pipeline\\{closure}(Object(Illuminate\\Http\\Request))
#62 /home/vagrant/code/u09-imdb-clone/vendor/laravel/framework/src/Illuminate/Session/Middleware/StartSession.php(63): Illuminate\\Routing\\Pipeline->Illuminate\\Routing\\{closure}(Object(Illuminate\\Http\\Request))
#63 /home/vagrant/code/u09-imdb-clone/vendor/laravel/framework/src/Illuminate/Pipeline/Pipeline.php(163): Illuminate\\Session\\Middleware\\StartSession->handle(Object(Illuminate\\Http\\Request), Object(Closure))
#64 /home/vagrant/code/u09-imdb-clone/vendor/laravel/framework/src/Illuminate/Routing/Pipeline.php(53): Illuminate\\Pipeline\\Pipeline->Illuminate\\Pipeline\\{closure}(Object(Illuminate\\Http\\Request))
#65 /home/vagrant/code/u09-imdb-clone/vendor/laravel/framework/src/Illuminate/Cookie/Middleware/AddQueuedCookiesToResponse.php(37): Illuminate\\Routing\\Pipeline->Illuminate\\Routing\\{closure}(Object(Illuminate\\Http\\Request))
#66 /home/vagrant/code/u09-imdb-clone/vendor/laravel/framework/src/Illuminate/Pipeline/Pipeline.php(163): Illuminate\\Cookie\\Middleware\\AddQueuedCookiesToResponse->handle(Object(Illuminate\\Http\\Request), Object(Closure))
#67 /home/vagrant/code/u09-imdb-clone/vendor/laravel/framework/src/Illuminate/Routing/Pipeline.php(53): Illuminate\\Pipeline\\Pipeline->Illuminate\\Pipeline\\{closure}(Object(Illuminate\\Http\\Request))
#68 /home/vagrant/code/u09-imdb-clone/vendor/laravel/framework/src/Illuminate/Cookie/Middleware/EncryptCookies.php(66): Illuminate\\Routing\\Pipeline->Illuminate\\Routing\\{closure}(Object(Illuminate\\Http\\Request))
#69 /home/vagrant/code/u09-imdb-clone/vendor/laravel/framework/src/Illuminate/Pipeline/Pipeline.php(163): Illuminate\\Cookie\\Middleware\\EncryptCookies->handle(Object(Illuminate\\Http\\Request), Object(Closure))
#70 /home/vagrant/code/u09-imdb-clone/vendor/laravel/framework/src/Illuminate/Routing/Pipeline.php(53): Illuminate\\Pipeline\\Pipeline->Illuminate\\Pipeline\\{closure}(Object(Illuminate\\Http\\Request))
#71 /home/vagrant/code/u09-imdb-clone/vendor/laravel/framework/src/Illuminate/Pipeline/Pipeline.php(104): Illuminate\\Routing\\Pipeline->Illuminate\\Routing\\{closure}(Object(Illuminate\\Http\\Request))
#72 /home/vagrant/code/u09-imdb-clone/vendor/laravel/framework/src/Illuminate/Routing/Router.php(684): Illuminate\\Pipeline\\Pipeline->then(Object(Closure))
#73 /home/vagrant/code/u09-imdb-clone/vendor/laravel/framework/src/Illuminate/Routing/Router.php(659): Illuminate\\Routing\\Router->runRouteWithinStack(Object(Illuminate\\Routing\\Route), Object(Illuminate\\Http\\Request))
#74 /home/vagrant/code/u09-imdb-clone/vendor/laravel/framework/src/Illuminate/Routing/Router.php(625): Illuminate\\Routing\\Router->runRoute(Object(Illuminate\\Http\\Request), Object(Illuminate\\Routing\\Route))
#75 /home/vagrant/code/u09-imdb-clone/vendor/laravel/framework/src/Illuminate/Routing/Router.php(614): Illuminate\\Routing\\Router->dispatchToRoute(Object(Illuminate\\Http\\Request))
#76 /home/vagrant/code/u09-imdb-clone/vendor/laravel/framework/src/Illuminate/Foundation/Http/Kernel.php(176): Illuminate\\Routing\\Router->dispatch(Object(Illuminate\\Http\\Request))
#77 /home/vagrant/code/u09-imdb-clone/vendor/laravel/framework/src/Illuminate/Routing/Pipeline.php(30): Illuminate\\Foundation\\Http\\Kernel->Illuminate\\Foundation\\Http\\{closure}(Object(Illuminate\\Http\\Request))
#78 /home/vagrant/code/u09-imdb-clone/vendor/barryvdh/laravel-debugbar/src/Middleware/InjectDebugbar.php(65): Illuminate\\Routing\\Pipeline->Illuminate\\Routing\\{closure}(Object(Illuminate\\Http\\Request))
#79 /home/vagrant/code/u09-imdb-clone/vendor/laravel/framework/src/Illuminate/Pipeline/Pipeline.php(163): Barryvdh\\Debugbar\\Middleware\\InjectDebugbar->handle(Object(Illuminate\\Http\\Request), Object(Closure))
#80 /home/vagrant/code/u09-imdb-clone/vendor/laravel/framework/src/Illuminate/Routing/Pipeline.php(53): Illuminate\\Pipeline\\Pipeline->Illuminate\\Pipeline\\{closure}(Object(Illuminate\\Http\\Request))
#81 /home/vagrant/code/u09-imdb-clone/vendor/fideloper/proxy/src/TrustProxies.php(57): Illuminate\\Routing\\Pipeline->Illuminate\\Routing\\{closure}(Object(Illuminate\\Http\\Request))
#82 /home/vagrant/code/u09-imdb-clone/vendor/laravel/framework/src/Illuminate/Pipeline/Pipeline.php(163): Fideloper\\Proxy\\TrustProxies->handle(Object(Illuminate\\Http\\Request), Object(Closure))
#83 /home/vagrant/code/u09-imdb-clone/vendor/laravel/framework/src/Illuminate/Routing/Pipeline.php(53): Illuminate\\Pipeline\\Pipeline->Illuminate\\Pipeline\\{closure}(Object(Illuminate\\Http\\Request))
#84 /home/vagrant/code/u09-imdb-clone/vendor/laravel/framework/src/Illuminate/Foundation/Http/Middleware/TransformsRequest.php(31): Illuminate\\Routing\\Pipeline->Illuminate\\Routing\\{closure}(Object(Illuminate\\Http\\Request))
#85 /home/vagrant/code/u09-imdb-clone/vendor/laravel/framework/src/Illuminate/Pipeline/Pipeline.php(163): Illuminate\\Foundation\\Http\\Middleware\\TransformsRequest->handle(Object(Illuminate\\Http\\Request), Object(Closure))
#86 /home/vagrant/code/u09-imdb-clone/vendor/laravel/framework/src/Illuminate/Routing/Pipeline.php(53): Illuminate\\Pipeline\\Pipeline->Illuminate\\Pipeline\\{closure}(Object(Illuminate\\Http\\Request))
#87 /home/vagrant/code/u09-imdb-clone/vendor/laravel/framework/src/Illuminate/Foundation/Http/Middleware/TransformsRequest.php(31): Illuminate\\Routing\\Pipeline->Illuminate\\Routing\\{closure}(Object(Illuminate\\Http\\Request))
#88 /home/vagrant/code/u09-imdb-clone/vendor/laravel/framework/src/Illuminate/Pipeline/Pipeline.php(163): Illuminate\\Foundation\\Http\\Middleware\\TransformsRequest->handle(Object(Illuminate\\Http\\Request), Object(Closure))
#89 /home/vagrant/code/u09-imdb-clone/vendor/laravel/framework/src/Illuminate/Routing/Pipeline.php(53): Illuminate\\Pipeline\\Pipeline->Illuminate\\Pipeline\\{closure}(Object(Illuminate\\Http\\Request))
#90 /home/vagrant/code/u09-imdb-clone/vendor/laravel/framework/src/Illuminate/Foundation/Http/Middleware/ValidatePostSize.php(27): Illuminate\\Routing\\Pipeline->Illuminate\\Routing\\{closure}(Object(Illuminate\\Http\\Request))
#91 /home/vagrant/code/u09-imdb-clone/vendor/laravel/framework/src/Illuminate/Pipeline/Pipeline.php(163): Illuminate\\Foundation\\Http\\Middleware\\ValidatePostSize->handle(Object(Illuminate\\Http\\Request), Object(Closure))
#92 /home/vagrant/code/u09-imdb-clone/vendor/laravel/framework/src/Illuminate/Routing/Pipeline.php(53): Illuminate\\Pipeline\\Pipeline->Illuminate\\Pipeline\\{closure}(Object(Illuminate\\Http\\Request))
#93 /home/vagrant/code/u09-imdb-clone/vendor/laravel/framework/src/Illuminate/Foundation/Http/Middleware/CheckForMaintenanceMode.php(62): Illuminate\\Routing\\Pipeline->Illuminate\\Routing\\{closure}(Object(Illuminate\\Http\\Request))
#94 /home/vagrant/code/u09-imdb-clone/vendor/laravel/framework/src/Illuminate/Pipeline/Pipeline.php(163): Illuminate\\Foundation\\Http\\Middleware\\CheckForMaintenanceMode->handle(Object(Illuminate\\Http\\Request), Object(Closure))
#95 /home/vagrant/code/u09-imdb-clone/vendor/laravel/framework/src/Illuminate/Routing/Pipeline.php(53): Illuminate\\Pipeline\\Pipeline->Illuminate\\Pipeline\\{closure}(Object(Illuminate\\Http\\Request))
#96 /home/vagrant/code/u09-imdb-clone/vendor/laravel/framework/src/Illuminate/Pipeline/Pipeline.php(104): Illuminate\\Routing\\Pipeline->Illuminate\\Routing\\{closure}(Object(Illuminate\\Http\\Request))
#97 /home/vagrant/code/u09-imdb-clone/vendor/laravel/framework/src/Illuminate/Foundation/Http/Kernel.php(151): Illuminate\\Pipeline\\Pipeline->then(Object(Closure))
#98 /home/vagrant/code/u09-imdb-clone/vendor/laravel/framework/src/Illuminate/Foundation/Http/Kernel.php(116): Illuminate\\Foundation\\Http\\Kernel->sendRequestThroughRouter(Object(Illuminate\\Http\\Request))
#99 /home/vagrant/code/u09-imdb-clone/public/index.php(52): Illuminate\\Foundation\\Http\\Kernel->handle(Object(Illuminate\\Http\\Request))
#100 {main}
"} 
[2019-02-26 15:22:04] local.ERROR: Address in mailbox given [] does not comply with RFC 2822, 3.6.2. {"userId":1,"email":"admin@admin.com","exception":"[object] (Swift_RfcComplianceException(code: 0): Address in mailbox given [] does not comply with RFC 2822, 3.6.2. at /home/vagrant/code/u09-imdb-clone/vendor/swiftmailer/swiftmailer/lib/classes/Swift/Mime/Headers/MailboxHeader.php:355)
[stacktrace]
#0 /home/vagrant/code/u09-imdb-clone/vendor/swiftmailer/swiftmailer/lib/classes/Swift/Mime/Headers/MailboxHeader.php(272): Swift_Mime_Headers_MailboxHeader->assertValidAddress('')
#1 /home/vagrant/code/u09-imdb-clone/vendor/swiftmailer/swiftmailer/lib/classes/Swift/Mime/Headers/MailboxHeader.php(117): Swift_Mime_Headers_MailboxHeader->normalizeMailboxes(Array)
#2 /home/vagrant/code/u09-imdb-clone/vendor/swiftmailer/swiftmailer/lib/classes/Swift/Mime/Headers/MailboxHeader.php(74): Swift_Mime_Headers_MailboxHeader->setNameAddresses(Array)
#3 /home/vagrant/code/u09-imdb-clone/vendor/swiftmailer/swiftmailer/lib/classes/Swift/Mime/SimpleMimeEntity.php(600): Swift_Mime_Headers_MailboxHeader->setFieldBodyModel(Array)
#4 /home/vagrant/code/u09-imdb-clone/vendor/swiftmailer/swiftmailer/lib/classes/Swift/Mime/SimpleMessage.php(213): Swift_Mime_SimpleMimeEntity->setHeaderFieldModel('From', Array)
#5 /home/vagrant/code/u09-imdb-clone/vendor/laravel/framework/src/Illuminate/Mail/Message.php(50): Swift_Mime_SimpleMessage->setFrom(Array, 'Laravel 2-Step ...')
#6 /home/vagrant/code/u09-imdb-clone/vendor/laravel/framework/src/Illuminate/Notifications/Channels/MailChannel.php(180): Illuminate\\Mail\\Message->from(NULL, 'Laravel 2-Step ...')
#7 /home/vagrant/code/u09-imdb-clone/vendor/laravel/framework/src/Illuminate/Notifications/Channels/MailChannel.php(153): Illuminate\\Notifications\\Channels\\MailChannel->addSender(Object(Illuminate\\Mail\\Message), Object(Illuminate\\Notifications\\Messages\\MailMessage))
#8 /home/vagrant/code/u09-imdb-clone/vendor/laravel/framework/src/Illuminate/Notifications/Channels/MailChannel.php(129): Illuminate\\Notifications\\Channels\\MailChannel->addressMessage(Object(Illuminate\\Mail\\Message), Object(App\\Models\\User), Object(jeremykenedy\\laravel2step\\App\\Notifications\\SendVerificationCodeEmail), Object(Illuminate\\Notifications\\Messages\\MailMessage))
#9 /home/vagrant/code/u09-imdb-clone/vendor/laravel/framework/src/Illuminate/Notifications/Channels/MailChannel.php(80): Illuminate\\Notifications\\Channels\\MailChannel->buildMessage(Object(Illuminate\\Mail\\Message), Object(App\\Models\\User), Object(jeremykenedy\\laravel2step\\App\\Notifications\\SendVerificationCodeEmail), Object(Illuminate\\Notifications\\Messages\\MailMessage))
#10 [internal function]: Illuminate\\Notifications\\Channels\\MailChannel->Illuminate\\Notifications\\Channels\\{closure}(Object(Illuminate\\Mail\\Message))
#11 /home/vagrant/code/u09-imdb-clone/vendor/laravel/framework/src/Illuminate/Mail/Mailer.php(242): call_user_func(Object(Closure), Object(Illuminate\\Mail\\Message))
#12 /home/vagrant/code/u09-imdb-clone/vendor/laravel/framework/src/Illuminate/Notifications/Channels/MailChannel.php(65): Illuminate\\Mail\\Mailer->send(Object(Illuminate\\Support\\HtmlString), Array, Object(Closure))
#13 /home/vagrant/code/u09-imdb-clone/vendor/laravel/framework/src/Illuminate/Notifications/NotificationSender.php(144): Illuminate\\Notifications\\Channels\\MailChannel->send(Object(App\\Models\\User), Object(jeremykenedy\\laravel2step\\App\\Notifications\\SendVerificationCodeEmail))
#14 /home/vagrant/code/u09-imdb-clone/vendor/laravel/framework/src/Illuminate/Notifications/NotificationSender.php(103): Illuminate\\Notifications\\NotificationSender->sendToNotifiable(Object(App\\Models\\User), '3e151bcb-4bf3-4...', Object(jeremykenedy\\laravel2step\\App\\Notifications\\SendVerificationCodeEmail), 'mail')
#15 /home/vagrant/code/u09-imdb-clone/vendor/laravel/framework/src/Illuminate/Support/Traits/Localizable.php(19): Illuminate\\Notifications\\NotificationSender->Illuminate\\Notifications\\{closure}()
#16 /home/vagrant/code/u09-imdb-clone/vendor/laravel/framework/src/Illuminate/Notifications/NotificationSender.php(105): Illuminate\\Notifications\\NotificationSender->withLocale(NULL, Object(Closure))
#17 /home/vagrant/code/u09-imdb-clone/vendor/laravel/framework/src/Illuminate/Notifications/ChannelManager.php(54): Illuminate\\Notifications\\NotificationSender->sendNow(Object(Illuminate\\Database\\Eloquent\\Collection), Object(jeremykenedy\\laravel2step\\App\\Notifications\\SendVerificationCodeEmail), Array)
#18 /home/vagrant/code/u09-imdb-clone/vendor/laravel/framework/src/Illuminate/Notifications/SendQueuedNotifications.php(73): Illuminate\\Notifications\\ChannelManager->sendNow(Object(App\\Models\\User), Object(jeremykenedy\\laravel2step\\App\\Notifications\\SendVerificationCodeEmail), Array)
#19 [internal function]: Illuminate\\Notifications\\SendQueuedNotifications->handle(Object(Illuminate\\Notifications\\ChannelManager))
#20 /home/vagrant/code/u09-imdb-clone/vendor/laravel/framework/src/Illuminate/Container/BoundMethod.php(29): call_user_func_array(Array, Array)
#21 /home/vagrant/code/u09-imdb-clone/vendor/laravel/framework/src/Illuminate/Container/BoundMethod.php(87): Illuminate\\Container\\BoundMethod::Illuminate\\Container\\{closure}()
#22 /home/vagrant/code/u09-imdb-clone/vendor/laravel/framework/src/Illuminate/Container/BoundMethod.php(31): Illuminate\\Container\\BoundMethod::callBoundMethod(Object(Illuminate\\Foundation\\Application), Array, Object(Closure))
#23 /home/vagrant/code/u09-imdb-clone/vendor/laravel/framework/src/Illuminate/Container/Container.php(572): Illuminate\\Container\\BoundMethod::call(Object(Illuminate\\Foundation\\Application), Array, Array, NULL)
#24 /home/vagrant/code/u09-imdb-clone/vendor/laravel/framework/src/Illuminate/Bus/Dispatcher.php(94): Illuminate\\Container\\Container->call(Array)
#25 /home/vagrant/code/u09-imdb-clone/vendor/laravel/framework/src/Illuminate/Pipeline/Pipeline.php(128): Illuminate\\Bus\\Dispatcher->Illuminate\\Bus\\{closure}(Object(Illuminate\\Notifications\\SendQueuedNotifications))
#26 /home/vagrant/code/u09-imdb-clone/vendor/laravel/framework/src/Illuminate/Pipeline/Pipeline.php(104): Illuminate\\Pipeline\\Pipeline->Illuminate\\Pipeline\\{closure}(Object(Illuminate\\Notifications\\SendQueuedNotifications))
#27 /home/vagrant/code/u09-imdb-clone/vendor/laravel/framework/src/Illuminate/Bus/Dispatcher.php(98): Illuminate\\Pipeline\\Pipeline->then(Object(Closure))
#28 /home/vagrant/code/u09-imdb-clone/vendor/laravel/framework/src/Illuminate/Queue/CallQueuedHandler.php(49): Illuminate\\Bus\\Dispatcher->dispatchNow(Object(Illuminate\\Notifications\\SendQueuedNotifications), false)
#29 /home/vagrant/code/u09-imdb-clone/vendor/laravel/framework/src/Illuminate/Queue/Jobs/Job.php(83): Illuminate\\Queue\\CallQueuedHandler->call(Object(Illuminate\\Queue\\Jobs\\SyncJob), Array)
#30 /home/vagrant/code/u09-imdb-clone/vendor/laravel/framework/src/Illuminate/Queue/SyncQueue.php(42): Illuminate\\Queue\\Jobs\\Job->fire()
#31 /home/vagrant/code/u09-imdb-clone/vendor/laravel/framework/src/Illuminate/Bus/Dispatcher.php(184): Illuminate\\Queue\\SyncQueue->push(Object(Illuminate\\Notifications\\SendQueuedNotifications))
#32 /home/vagrant/code/u09-imdb-clone/vendor/laravel/framework/src/Illuminate/Bus/Dispatcher.php(160): Illuminate\\Bus\\Dispatcher->pushCommandToQueue(Object(Illuminate\\Queue\\SyncQueue), Object(Illuminate\\Notifications\\SendQueuedNotifications))
#33 /home/vagrant/code/u09-imdb-clone/vendor/laravel/framework/src/Illuminate/Bus/Dispatcher.php(73): Illuminate\\Bus\\Dispatcher->dispatchToQueue(Object(Illuminate\\Notifications\\SendQueuedNotifications))
#34 /home/vagrant/code/u09-imdb-clone/vendor/laravel/framework/src/Illuminate/Notifications/NotificationSender.php(195): Illuminate\\Bus\\Dispatcher->dispatch(Object(Illuminate\\Notifications\\SendQueuedNotifications))
#35 /home/vagrant/code/u09-imdb-clone/vendor/laravel/framework/src/Illuminate/Notifications/NotificationSender.php(74): Illuminate\\Notifications\\NotificationSender->queueNotification(Object(Illuminate\\Database\\Eloquent\\Collection), Object(jeremykenedy\\laravel2step\\App\\Notifications\\SendVerificationCodeEmail))
#36 /home/vagrant/code/u09-imdb-clone/vendor/laravel/framework/src/Illuminate/Notifications/ChannelManager.php(39): Illuminate\\Notifications\\NotificationSender->send(Object(Illuminate\\Database\\Eloquent\\Collection), Object(jeremykenedy\\laravel2step\\App\\Notifications\\SendVerificationCodeEmail))
#37 /home/vagrant/code/u09-imdb-clone/vendor/laravel/framework/src/Illuminate/Notifications/RoutesNotifications.php(18): Illuminate\\Notifications\\ChannelManager->send(Object(App\\Models\\User), Object(jeremykenedy\\laravel2step\\App\\Notifications\\SendVerificationCodeEmail))
#38 /home/vagrant/code/u09-imdb-clone/vendor/jeremykenedy/laravel2step/src/app/Traits/Laravel2StepTrait.php(226): App\\Models\\User->notify(Object(jeremykenedy\\laravel2step\\App\\Notifications\\SendVerificationCodeEmail))
#39 /home/vagrant/code/u09-imdb-clone/vendor/jeremykenedy/laravel2step/src/app/Http/Controllers/TwoStepController.php(124): jeremykenedy\\laravel2step\\App\\Http\\Controllers\\TwoStepController->sendVerificationCodeNotification(Object(jeremykenedy\\laravel2step\\App\\Models\\TwoStepAuth))
#40 [internal function]: jeremykenedy\\laravel2step\\App\\Http\\Controllers\\TwoStepController->showVerification()
#41 /home/vagrant/code/u09-imdb-clone/vendor/laravel/framework/src/Illuminate/Routing/Controller.php(54): call_user_func_array(Array, Array)
#42 /home/vagrant/code/u09-imdb-clone/vendor/laravel/framework/src/Illuminate/Routing/ControllerDispatcher.php(45): Illuminate\\Routing\\Controller->callAction('showVerificatio...', Array)
#43 /home/vagrant/code/u09-imdb-clone/vendor/laravel/framework/src/Illuminate/Routing/Route.php(219): Illuminate\\Routing\\ControllerDispatcher->dispatch(Object(Illuminate\\Routing\\Route), Object(jeremykenedy\\laravel2step\\App\\Http\\Controllers\\TwoStepController), 'showVerificatio...')
#44 /home/vagrant/code/u09-imdb-clone/vendor/laravel/framework/src/Illuminate/Routing/Route.php(176): Illuminate\\Routing\\Route->runController()
#45 /home/vagrant/code/u09-imdb-clone/vendor/laravel/framework/src/Illuminate/Routing/Router.php(682): Illuminate\\Routing\\Route->run()
#46 /home/vagrant/code/u09-imdb-clone/vendor/laravel/framework/src/Illuminate/Routing/Pipeline.php(30): Illuminate\\Routing\\Router->Illuminate\\Routing\\{closure}(Object(Illuminate\\Http\\Request))
#47 /home/vagrant/code/u09-imdb-clone/vendor/jeremykenedy/laravel2step/src/app/Http/Controllers/TwoStepController.php(36): Illuminate\\Routing\\Pipeline->Illuminate\\Routing\\{closure}(Object(Illuminate\\Http\\Request))
#48 /home/vagrant/code/u09-imdb-clone/vendor/laravel/framework/src/Illuminate/Pipeline/Pipeline.php(145): jeremykenedy\\laravel2step\\App\\Http\\Controllers\\TwoStepController->jeremykenedy\\laravel2step\\App\\Http\\Controllers\\{closure}(Object(Illuminate\\Http\\Request), Object(Closure))
#49 /home/vagrant/code/u09-imdb-clone/vendor/laravel/framework/src/Illuminate/Routing/Pipeline.php(53): Illuminate\\Pipeline\\Pipeline->Illuminate\\Pipeline\\{closure}(Object(Illuminate\\Http\\Request))
#50 /home/vagrant/code/u09-imdb-clone/vendor/laravel/framework/src/Illuminate/Routing/Middleware/SubstituteBindings.php(41): Illuminate\\Routing\\Pipeline->Illuminate\\Routing\\{closure}(Object(Illuminate\\Http\\Request))
#51 /home/vagrant/code/u09-imdb-clone/vendor/laravel/framework/src/Illuminate/Pipeline/Pipeline.php(163): Illuminate\\Routing\\Middleware\\SubstituteBindings->handle(Object(Illuminate\\Http\\Request), Object(Closure))
#52 /home/vagrant/code/u09-imdb-clone/vendor/laravel/framework/src/Illuminate/Routing/Pipeline.php(53): Illuminate\\Pipeline\\Pipeline->Illuminate\\Pipeline\\{closure}(Object(Illuminate\\Http\\Request))
#53 /home/vagrant/code/u09-imdb-clone/vendor/laravel/framework/src/Illuminate/Auth/Middleware/Authenticate.php(43): Illuminate\\Routing\\Pipeline->Illuminate\\Routing\\{closure}(Object(Illuminate\\Http\\Request))
#54 /home/vagrant/code/u09-imdb-clone/vendor/laravel/framework/src/Illuminate/Pipeline/Pipeline.php(163): Illuminate\\Auth\\Middleware\\Authenticate->handle(Object(Illuminate\\Http\\Request), Object(Closure))
#55 /home/vagrant/code/u09-imdb-clone/vendor/laravel/framework/src/Illuminate/Routing/Pipeline.php(53): Illuminate\\Pipeline\\Pipeline->Illuminate\\Pipeline\\{closure}(Object(Illuminate\\Http\\Request))
#56 /home/vagrant/code/u09-imdb-clone/vendor/laravel/framework/src/Illuminate/Foundation/Http/Middleware/VerifyCsrfToken.php(75): Illuminate\\Routing\\Pipeline->Illuminate\\Routing\\{closure}(Object(Illuminate\\Http\\Request))
#57 /home/vagrant/code/u09-imdb-clone/vendor/laravel/framework/src/Illuminate/Pipeline/Pipeline.php(163): Illuminate\\Foundation\\Http\\Middleware\\VerifyCsrfToken->handle(Object(Illuminate\\Http\\Request), Object(Closure))
#58 /home/vagrant/code/u09-imdb-clone/vendor/laravel/framework/src/Illuminate/Routing/Pipeline.php(53): Illuminate\\Pipeline\\Pipeline->Illuminate\\Pipeline\\{closure}(Object(Illuminate\\Http\\Request))
#59 /home/vagrant/code/u09-imdb-clone/vendor/laravel/framework/src/Illuminate/View/Middleware/ShareErrorsFromSession.php(49): Illuminate\\Routing\\Pipeline->Illuminate\\Routing\\{closure}(Object(Illuminate\\Http\\Request))
#60 /home/vagrant/code/u09-imdb-clone/vendor/laravel/framework/src/Illuminate/Pipeline/Pipeline.php(163): Illuminate\\View\\Middleware\\ShareErrorsFromSession->handle(Object(Illuminate\\Http\\Request), Object(Closure))
#61 /home/vagrant/code/u09-imdb-clone/vendor/laravel/framework/src/Illuminate/Routing/Pipeline.php(53): Illuminate\\Pipeline\\Pipeline->Illuminate\\Pipeline\\{closure}(Object(Illuminate\\Http\\Request))
#62 /home/vagrant/code/u09-imdb-clone/vendor/laravel/framework/src/Illuminate/Session/Middleware/StartSession.php(63): Illuminate\\Routing\\Pipeline->Illuminate\\Routing\\{closure}(Object(Illuminate\\Http\\Request))
#63 /home/vagrant/code/u09-imdb-clone/vendor/laravel/framework/src/Illuminate/Pipeline/Pipeline.php(163): Illuminate\\Session\\Middleware\\StartSession->handle(Object(Illuminate\\Http\\Request), Object(Closure))
#64 /home/vagrant/code/u09-imdb-clone/vendor/laravel/framework/src/Illuminate/Routing/Pipeline.php(53): Illuminate\\Pipeline\\Pipeline->Illuminate\\Pipeline\\{closure}(Object(Illuminate\\Http\\Request))
#65 /home/vagrant/code/u09-imdb-clone/vendor/laravel/framework/src/Illuminate/Cookie/Middleware/AddQueuedCookiesToResponse.php(37): Illuminate\\Routing\\Pipeline->Illuminate\\Routing\\{closure}(Object(Illuminate\\Http\\Request))
#66 /home/vagrant/code/u09-imdb-clone/vendor/laravel/framework/src/Illuminate/Pipeline/Pipeline.php(163): Illuminate\\Cookie\\Middleware\\AddQueuedCookiesToResponse->handle(Object(Illuminate\\Http\\Request), Object(Closure))
#67 /home/vagrant/code/u09-imdb-clone/vendor/laravel/framework/src/Illuminate/Routing/Pipeline.php(53): Illuminate\\Pipeline\\Pipeline->Illuminate\\Pipeline\\{closure}(Object(Illuminate\\Http\\Request))
#68 /home/vagrant/code/u09-imdb-clone/vendor/laravel/framework/src/Illuminate/Cookie/Middleware/EncryptCookies.php(66): Illuminate\\Routing\\Pipeline->Illuminate\\Routing\\{closure}(Object(Illuminate\\Http\\Request))
#69 /home/vagrant/code/u09-imdb-clone/vendor/laravel/framework/src/Illuminate/Pipeline/Pipeline.php(163): Illuminate\\Cookie\\Middleware\\EncryptCookies->handle(Object(Illuminate\\Http\\Request), Object(Closure))
#70 /home/vagrant/code/u09-imdb-clone/vendor/laravel/framework/src/Illuminate/Routing/Pipeline.php(53): Illuminate\\Pipeline\\Pipeline->Illuminate\\Pipeline\\{closure}(Object(Illuminate\\Http\\Request))
#71 /home/vagrant/code/u09-imdb-clone/vendor/laravel/framework/src/Illuminate/Pipeline/Pipeline.php(104): Illuminate\\Routing\\Pipeline->Illuminate\\Routing\\{closure}(Object(Illuminate\\Http\\Request))
#72 /home/vagrant/code/u09-imdb-clone/vendor/laravel/framework/src/Illuminate/Routing/Router.php(684): Illuminate\\Pipeline\\Pipeline->then(Object(Closure))
#73 /home/vagrant/code/u09-imdb-clone/vendor/laravel/framework/src/Illuminate/Routing/Router.php(659): Illuminate\\Routing\\Router->runRouteWithinStack(Object(Illuminate\\Routing\\Route), Object(Illuminate\\Http\\Request))
#74 /home/vagrant/code/u09-imdb-clone/vendor/laravel/framework/src/Illuminate/Routing/Router.php(625): Illuminate\\Routing\\Router->runRoute(Object(Illuminate\\Http\\Request), Object(Illuminate\\Routing\\Route))
#75 /home/vagrant/code/u09-imdb-clone/vendor/laravel/framework/src/Illuminate/Routing/Router.php(614): Illuminate\\Routing\\Router->dispatchToRoute(Object(Illuminate\\Http\\Request))
#76 /home/vagrant/code/u09-imdb-clone/vendor/laravel/framework/src/Illuminate/Foundation/Http/Kernel.php(176): Illuminate\\Routing\\Router->dispatch(Object(Illuminate\\Http\\Request))
#77 /home/vagrant/code/u09-imdb-clone/vendor/laravel/framework/src/Illuminate/Routing/Pipeline.php(30): Illuminate\\Foundation\\Http\\Kernel->Illuminate\\Foundation\\Http\\{closure}(Object(Illuminate\\Http\\Request))
#78 /home/vagrant/code/u09-imdb-clone/vendor/barryvdh/laravel-debugbar/src/Middleware/InjectDebugbar.php(65): Illuminate\\Routing\\Pipeline->Illuminate\\Routing\\{closure}(Object(Illuminate\\Http\\Request))
#79 /home/vagrant/code/u09-imdb-clone/vendor/laravel/framework/src/Illuminate/Pipeline/Pipeline.php(163): Barryvdh\\Debugbar\\Middleware\\InjectDebugbar->handle(Object(Illuminate\\Http\\Request), Object(Closure))
#80 /home/vagrant/code/u09-imdb-clone/vendor/laravel/framework/src/Illuminate/Routing/Pipeline.php(53): Illuminate\\Pipeline\\Pipeline->Illuminate\\Pipeline\\{closure}(Object(Illuminate\\Http\\Request))
#81 /home/vagrant/code/u09-imdb-clone/vendor/fideloper/proxy/src/TrustProxies.php(57): Illuminate\\Routing\\Pipeline->Illuminate\\Routing\\{closure}(Object(Illuminate\\Http\\Request))
#82 /home/vagrant/code/u09-imdb-clone/vendor/laravel/framework/src/Illuminate/Pipeline/Pipeline.php(163): Fideloper\\Proxy\\TrustProxies->handle(Object(Illuminate\\Http\\Request), Object(Closure))
#83 /home/vagrant/code/u09-imdb-clone/vendor/laravel/framework/src/Illuminate/Routing/Pipeline.php(53): Illuminate\\Pipeline\\Pipeline->Illuminate\\Pipeline\\{closure}(Object(Illuminate\\Http\\Request))
#84 /home/vagrant/code/u09-imdb-clone/vendor/laravel/framework/src/Illuminate/Foundation/Http/Middleware/TransformsRequest.php(31): Illuminate\\Routing\\Pipeline->Illuminate\\Routing\\{closure}(Object(Illuminate\\Http\\Request))
#85 /home/vagrant/code/u09-imdb-clone/vendor/laravel/framework/src/Illuminate/Pipeline/Pipeline.php(163): Illuminate\\Foundation\\Http\\Middleware\\TransformsRequest->handle(Object(Illuminate\\Http\\Request), Object(Closure))
#86 /home/vagrant/code/u09-imdb-clone/vendor/laravel/framework/src/Illuminate/Routing/Pipeline.php(53): Illuminate\\Pipeline\\Pipeline->Illuminate\\Pipeline\\{closure}(Object(Illuminate\\Http\\Request))
#87 /home/vagrant/code/u09-imdb-clone/vendor/laravel/framework/src/Illuminate/Foundation/Http/Middleware/TransformsRequest.php(31): Illuminate\\Routing\\Pipeline->Illuminate\\Routing\\{closure}(Object(Illuminate\\Http\\Request))
#88 /home/vagrant/code/u09-imdb-clone/vendor/laravel/framework/src/Illuminate/Pipeline/Pipeline.php(163): Illuminate\\Foundation\\Http\\Middleware\\TransformsRequest->handle(Object(Illuminate\\Http\\Request), Object(Closure))
#89 /home/vagrant/code/u09-imdb-clone/vendor/laravel/framework/src/Illuminate/Routing/Pipeline.php(53): Illuminate\\Pipeline\\Pipeline->Illuminate\\Pipeline\\{closure}(Object(Illuminate\\Http\\Request))
#90 /home/vagrant/code/u09-imdb-clone/vendor/laravel/framework/src/Illuminate/Foundation/Http/Middleware/ValidatePostSize.php(27): Illuminate\\Routing\\Pipeline->Illuminate\\Routing\\{closure}(Object(Illuminate\\Http\\Request))
#91 /home/vagrant/code/u09-imdb-clone/vendor/laravel/framework/src/Illuminate/Pipeline/Pipeline.php(163): Illuminate\\Foundation\\Http\\Middleware\\ValidatePostSize->handle(Object(Illuminate\\Http\\Request), Object(Closure))
#92 /home/vagrant/code/u09-imdb-clone/vendor/laravel/framework/src/Illuminate/Routing/Pipeline.php(53): Illuminate\\Pipeline\\Pipeline->Illuminate\\Pipeline\\{closure}(Object(Illuminate\\Http\\Request))
#93 /home/vagrant/code/u09-imdb-clone/vendor/laravel/framework/src/Illuminate/Foundation/Http/Middleware/CheckForMaintenanceMode.php(62): Illuminate\\Routing\\Pipeline->Illuminate\\Routing\\{closure}(Object(Illuminate\\Http\\Request))
#94 /home/vagrant/code/u09-imdb-clone/vendor/laravel/framework/src/Illuminate/Pipeline/Pipeline.php(163): Illuminate\\Foundation\\Http\\Middleware\\CheckForMaintenanceMode->handle(Object(Illuminate\\Http\\Request), Object(Closure))
#95 /home/vagrant/code/u09-imdb-clone/vendor/laravel/framework/src/Illuminate/Routing/Pipeline.php(53): Illuminate\\Pipeline\\Pipeline->Illuminate\\Pipeline\\{closure}(Object(Illuminate\\Http\\Request))
#96 /home/vagrant/code/u09-imdb-clone/vendor/laravel/framework/src/Illuminate/Pipeline/Pipeline.php(104): Illuminate\\Routing\\Pipeline->Illuminate\\Routing\\{closure}(Object(Illuminate\\Http\\Request))
#97 /home/vagrant/code/u09-imdb-clone/vendor/laravel/framework/src/Illuminate/Foundation/Http/Kernel.php(151): Illuminate\\Pipeline\\Pipeline->then(Object(Closure))
#98 /home/vagrant/code/u09-imdb-clone/vendor/laravel/framework/src/Illuminate/Foundation/Http/Kernel.php(116): Illuminate\\Foundation\\Http\\Kernel->sendRequestThroughRouter(Object(Illuminate\\Http\\Request))
#99 /home/vagrant/code/u09-imdb-clone/public/index.php(52): Illuminate\\Foundation\\Http\\Kernel->handle(Object(Illuminate\\Http\\Request))
#100 {main}
"} 
[2019-02-26 15:36:03] local.ERROR: SQLSTATE[42S02]: Base table or view not found: 1146 Table 'laravelAuth.laravel2step' doesn't exist (SQL: select * from `laravel2step` where `userId` = 1 limit 1) {"userId":1,"email":"admin@admin.com","exception":"[object] (Illuminate\\Database\\QueryException(code: 42S02): SQLSTATE[42S02]: Base table or view not found: 1146 Table 'laravelAuth.laravel2step' doesn't exist (SQL: select * from `laravel2step` where `userId` = 1 limit 1) at /home/vagrant/code/u09-imdb-clone/vendor/laravel/framework/src/Illuminate/Database/Connection.php:664, Doctrine\\DBAL\\Driver\\PDOException(code: 42S02): SQLSTATE[42S02]: Base table or view not found: 1146 Table 'laravelAuth.laravel2step' doesn't exist at /home/vagrant/code/u09-imdb-clone/vendor/doctrine/dbal/lib/Doctrine/DBAL/Driver/PDOConnection.php:63, PDOException(code: 42S02): SQLSTATE[42S02]: Base table or view not found: 1146 Table 'laravelAuth.laravel2step' doesn't exist at /home/vagrant/code/u09-imdb-clone/vendor/doctrine/dbal/lib/Doctrine/DBAL/Driver/PDOConnection.php:61)
[stacktrace]
#0 /home/vagrant/code/u09-imdb-clone/vendor/laravel/framework/src/Illuminate/Database/Connection.php(624): Illuminate\\Database\\Connection->runQueryCallback('select * from `...', Array, Object(Closure))
#1 /home/vagrant/code/u09-imdb-clone/vendor/laravel/framework/src/Illuminate/Database/Connection.php(333): Illuminate\\Database\\Connection->run('select * from `...', Array, Object(Closure))
#2 /home/vagrant/code/u09-imdb-clone/vendor/laravel/framework/src/Illuminate/Database/Query/Builder.php(2095): Illuminate\\Database\\Connection->select('select * from `...', Array, true)
#3 /home/vagrant/code/u09-imdb-clone/vendor/laravel/framework/src/Illuminate/Database/Query/Builder.php(2083): Illuminate\\Database\\Query\\Builder->runSelect()
#4 /home/vagrant/code/u09-imdb-clone/vendor/laravel/framework/src/Illuminate/Database/Query/Builder.php(2569): Illuminate\\Database\\Query\\Builder->Illuminate\\Database\\Query\\{closure}()
#5 /home/vagrant/code/u09-imdb-clone/vendor/laravel/framework/src/Illuminate/Database/Query/Builder.php(2084): Illuminate\\Database\\Query\\Builder->onceWithColumns(Array, Object(Closure))
#6 /home/vagrant/code/u09-imdb-clone/vendor/laravel/framework/src/Illuminate/Database/Eloquent/Builder.php(519): Illuminate\\Database\\Query\\Builder->get(Array)
#7 /home/vagrant/code/u09-imdb-clone/vendor/laravel/framework/src/Illuminate/Database/Eloquent/Builder.php(503): Illuminate\\Database\\Eloquent\\Builder->getModels(Array)
#8 /home/vagrant/code/u09-imdb-clone/vendor/laravel/framework/src/Illuminate/Database/Concerns/BuildsQueries.php(77): Illuminate\\Database\\Eloquent\\Builder->get(Array)
#9 /home/vagrant/code/u09-imdb-clone/vendor/laravel/framework/src/Illuminate/Database/Eloquent/Builder.php(448): Illuminate\\Database\\Eloquent\\Builder->first(Array)
#10 /home/vagrant/code/u09-imdb-clone/vendor/jeremykenedy/laravel2step/src/app/Traits/Laravel2StepTrait.php(136): Illuminate\\Database\\Eloquent\\Builder->firstOrFail()
#11 /home/vagrant/code/u09-imdb-clone/vendor/jeremykenedy/laravel2step/src/app/Http/Controllers/TwoStepController.php(48): jeremykenedy\\laravel2step\\App\\Http\\Controllers\\TwoStepController->getTwoStepAuthStatus(1)
#12 /home/vagrant/code/u09-imdb-clone/vendor/jeremykenedy/laravel2step/src/app/Http/Controllers/TwoStepController.php(34): jeremykenedy\\laravel2step\\App\\Http\\Controllers\\TwoStepController->setUser2StepData()
#13 /home/vagrant/code/u09-imdb-clone/vendor/laravel/framework/src/Illuminate/Pipeline/Pipeline.php(145): jeremykenedy\\laravel2step\\App\\Http\\Controllers\\TwoStepController->jeremykenedy\\laravel2step\\App\\Http\\Controllers\\{closure}(Object(Illuminate\\Http\\Request), Object(Closure))
#14 /home/vagrant/code/u09-imdb-clone/vendor/laravel/framework/src/Illuminate/Routing/Pipeline.php(53): Illuminate\\Pipeline\\Pipeline->Illuminate\\Pipeline\\{closure}(Object(Illuminate\\Http\\Request))
#15 /home/vagrant/code/u09-imdb-clone/vendor/laravel/framework/src/Illuminate/Routing/Middleware/SubstituteBindings.php(41): Illuminate\\Routing\\Pipeline->Illuminate\\Routing\\{closure}(Object(Illuminate\\Http\\Request))
#16 /home/vagrant/code/u09-imdb-clone/vendor/laravel/framework/src/Illuminate/Pipeline/Pipeline.php(163): Illuminate\\Routing\\Middleware\\SubstituteBindings->handle(Object(Illuminate\\Http\\Request), Object(Closure))
#17 /home/vagrant/code/u09-imdb-clone/vendor/laravel/framework/src/Illuminate/Routing/Pipeline.php(53): Illuminate\\Pipeline\\Pipeline->Illuminate\\Pipeline\\{closure}(Object(Illuminate\\Http\\Request))
#18 /home/vagrant/code/u09-imdb-clone/vendor/laravel/framework/src/Illuminate/Auth/Middleware/Authenticate.php(43): Illuminate\\Routing\\Pipeline->Illuminate\\Routing\\{closure}(Object(Illuminate\\Http\\Request))
#19 /home/vagrant/code/u09-imdb-clone/vendor/laravel/framework/src/Illuminate/Pipeline/Pipeline.php(163): Illuminate\\Auth\\Middleware\\Authenticate->handle(Object(Illuminate\\Http\\Request), Object(Closure))
#20 /home/vagrant/code/u09-imdb-clone/vendor/laravel/framework/src/Illuminate/Routing/Pipeline.php(53): Illuminate\\Pipeline\\Pipeline->Illuminate\\Pipeline\\{closure}(Object(Illuminate\\Http\\Request))
#21 /home/vagrant/code/u09-imdb-clone/vendor/laravel/framework/src/Illuminate/Foundation/Http/Middleware/VerifyCsrfToken.php(75): Illuminate\\Routing\\Pipeline->Illuminate\\Routing\\{closure}(Object(Illuminate\\Http\\Request))
#22 /home/vagrant/code/u09-imdb-clone/vendor/laravel/framework/src/Illuminate/Pipeline/Pipeline.php(163): Illuminate\\Foundation\\Http\\Middleware\\VerifyCsrfToken->handle(Object(Illuminate\\Http\\Request), Object(Closure))
#23 /home/vagrant/code/u09-imdb-clone/vendor/laravel/framework/src/Illuminate/Routing/Pipeline.php(53): Illuminate\\Pipeline\\Pipeline->Illuminate\\Pipeline\\{closure}(Object(Illuminate\\Http\\Request))
#24 /home/vagrant/code/u09-imdb-clone/vendor/laravel/framework/src/Illuminate/View/Middleware/ShareErrorsFromSession.php(49): Illuminate\\Routing\\Pipeline->Illuminate\\Routing\\{closure}(Object(Illuminate\\Http\\Request))
#25 /home/vagrant/code/u09-imdb-clone/vendor/laravel/framework/src/Illuminate/Pipeline/Pipeline.php(163): Illuminate\\View\\Middleware\\ShareErrorsFromSession->handle(Object(Illuminate\\Http\\Request), Object(Closure))
#26 /home/vagrant/code/u09-imdb-clone/vendor/laravel/framework/src/Illuminate/Routing/Pipeline.php(53): Illuminate\\Pipeline\\Pipeline->Illuminate\\Pipeline\\{closure}(Object(Illuminate\\Http\\Request))
#27 /home/vagrant/code/u09-imdb-clone/vendor/laravel/framework/src/Illuminate/Session/Middleware/StartSession.php(63): Illuminate\\Routing\\Pipeline->Illuminate\\Routing\\{closure}(Object(Illuminate\\Http\\Request))
#28 /home/vagrant/code/u09-imdb-clone/vendor/laravel/framework/src/Illuminate/Pipeline/Pipeline.php(163): Illuminate\\Session\\Middleware\\StartSession->handle(Object(Illuminate\\Http\\Request), Object(Closure))
#29 /home/vagrant/code/u09-imdb-clone/vendor/laravel/framework/src/Illuminate/Routing/Pipeline.php(53): Illuminate\\Pipeline\\Pipeline->Illuminate\\Pipeline\\{closure}(Object(Illuminate\\Http\\Request))
#30 /home/vagrant/code/u09-imdb-clone/vendor/laravel/framework/src/Illuminate/Cookie/Middleware/AddQueuedCookiesToResponse.php(37): Illuminate\\Routing\\Pipeline->Illuminate\\Routing\\{closure}(Object(Illuminate\\Http\\Request))
#31 /home/vagrant/code/u09-imdb-clone/vendor/laravel/framework/src/Illuminate/Pipeline/Pipeline.php(163): Illuminate\\Cookie\\Middleware\\AddQueuedCookiesToResponse->handle(Object(Illuminate\\Http\\Request), Object(Closure))
#32 /home/vagrant/code/u09-imdb-clone/vendor/laravel/framework/src/Illuminate/Routing/Pipeline.php(53): Illuminate\\Pipeline\\Pipeline->Illuminate\\Pipeline\\{closure}(Object(Illuminate\\Http\\Request))
#33 /home/vagrant/code/u09-imdb-clone/vendor/laravel/framework/src/Illuminate/Cookie/Middleware/EncryptCookies.php(66): Illuminate\\Routing\\Pipeline->Illuminate\\Routing\\{closure}(Object(Illuminate\\Http\\Request))
#34 /home/vagrant/code/u09-imdb-clone/vendor/laravel/framework/src/Illuminate/Pipeline/Pipeline.php(163): Illuminate\\Cookie\\Middleware\\EncryptCookies->handle(Object(Illuminate\\Http\\Request), Object(Closure))
#35 /home/vagrant/code/u09-imdb-clone/vendor/laravel/framework/src/Illuminate/Routing/Pipeline.php(53): Illuminate\\Pipeline\\Pipeline->Illuminate\\Pipeline\\{closure}(Object(Illuminate\\Http\\Request))
#36 /home/vagrant/code/u09-imdb-clone/vendor/laravel/framework/src/Illuminate/Pipeline/Pipeline.php(104): Illuminate\\Routing\\Pipeline->Illuminate\\Routing\\{closure}(Object(Illuminate\\Http\\Request))
#37 /home/vagrant/code/u09-imdb-clone/vendor/laravel/framework/src/Illuminate/Routing/Router.php(684): Illuminate\\Pipeline\\Pipeline->then(Object(Closure))
#38 /home/vagrant/code/u09-imdb-clone/vendor/laravel/framework/src/Illuminate/Routing/Router.php(659): Illuminate\\Routing\\Router->runRouteWithinStack(Object(Illuminate\\Routing\\Route), Object(Illuminate\\Http\\Request))
#39 /home/vagrant/code/u09-imdb-clone/vendor/laravel/framework/src/Illuminate/Routing/Router.php(625): Illuminate\\Routing\\Router->runRoute(Object(Illuminate\\Http\\Request), Object(Illuminate\\Routing\\Route))
#40 /home/vagrant/code/u09-imdb-clone/vendor/laravel/framework/src/Illuminate/Routing/Router.php(614): Illuminate\\Routing\\Router->dispatchToRoute(Object(Illuminate\\Http\\Request))
#41 /home/vagrant/code/u09-imdb-clone/vendor/laravel/framework/src/Illuminate/Foundation/Http/Kernel.php(176): Illuminate\\Routing\\Router->dispatch(Object(Illuminate\\Http\\Request))
#42 /home/vagrant/code/u09-imdb-clone/vendor/laravel/framework/src/Illuminate/Routing/Pipeline.php(30): Illuminate\\Foundation\\Http\\Kernel->Illuminate\\Foundation\\Http\\{closure}(Object(Illuminate\\Http\\Request))
#43 /home/vagrant/code/u09-imdb-clone/vendor/barryvdh/laravel-debugbar/src/Middleware/InjectDebugbar.php(65): Illuminate\\Routing\\Pipeline->Illuminate\\Routing\\{closure}(Object(Illuminate\\Http\\Request))
#44 /home/vagrant/code/u09-imdb-clone/vendor/laravel/framework/src/Illuminate/Pipeline/Pipeline.php(163): Barryvdh\\Debugbar\\Middleware\\InjectDebugbar->handle(Object(Illuminate\\Http\\Request), Object(Closure))
#45 /home/vagrant/code/u09-imdb-clone/vendor/laravel/framework/src/Illuminate/Routing/Pipeline.php(53): Illuminate\\Pipeline\\Pipeline->Illuminate\\Pipeline\\{closure}(Object(Illuminate\\Http\\Request))
#46 /home/vagrant/code/u09-imdb-clone/vendor/fideloper/proxy/src/TrustProxies.php(57): Illuminate\\Routing\\Pipeline->Illuminate\\Routing\\{closure}(Object(Illuminate\\Http\\Request))
#47 /home/vagrant/code/u09-imdb-clone/vendor/laravel/framework/src/Illuminate/Pipeline/Pipeline.php(163): Fideloper\\Proxy\\TrustProxies->handle(Object(Illuminate\\Http\\Request), Object(Closure))
#48 /home/vagrant/code/u09-imdb-clone/vendor/laravel/framework/src/Illuminate/Routing/Pipeline.php(53): Illuminate\\Pipeline\\Pipeline->Illuminate\\Pipeline\\{closure}(Object(Illuminate\\Http\\Request))
#49 /home/vagrant/code/u09-imdb-clone/vendor/laravel/framework/src/Illuminate/Foundation/Http/Middleware/TransformsRequest.php(31): Illuminate\\Routing\\Pipeline->Illuminate\\Routing\\{closure}(Object(Illuminate\\Http\\Request))
#50 /home/vagrant/code/u09-imdb-clone/vendor/laravel/framework/src/Illuminate/Pipeline/Pipeline.php(163): Illuminate\\Foundation\\Http\\Middleware\\TransformsRequest->handle(Object(Illuminate\\Http\\Request), Object(Closure))
#51 /home/vagrant/code/u09-imdb-clone/vendor/laravel/framework/src/Illuminate/Routing/Pipeline.php(53): Illuminate\\Pipeline\\Pipeline->Illuminate\\Pipeline\\{closure}(Object(Illuminate\\Http\\Request))
#52 /home/vagrant/code/u09-imdb-clone/vendor/laravel/framework/src/Illuminate/Foundation/Http/Middleware/TransformsRequest.php(31): Illuminate\\Routing\\Pipeline->Illuminate\\Routing\\{closure}(Object(Illuminate\\Http\\Request))
#53 /home/vagrant/code/u09-imdb-clone/vendor/laravel/framework/src/Illuminate/Pipeline/Pipeline.php(163): Illuminate\\Foundation\\Http\\Middleware\\TransformsRequest->handle(Object(Illuminate\\Http\\Request), Object(Closure))
#54 /home/vagrant/code/u09-imdb-clone/vendor/laravel/framework/src/Illuminate/Routing/Pipeline.php(53): Illuminate\\Pipeline\\Pipeline->Illuminate\\Pipeline\\{closure}(Object(Illuminate\\Http\\Request))
#55 /home/vagrant/code/u09-imdb-clone/vendor/laravel/framework/src/Illuminate/Foundation/Http/Middleware/ValidatePostSize.php(27): Illuminate\\Routing\\Pipeline->Illuminate\\Routing\\{closure}(Object(Illuminate\\Http\\Request))
#56 /home/vagrant/code/u09-imdb-clone/vendor/laravel/framework/src/Illuminate/Pipeline/Pipeline.php(163): Illuminate\\Foundation\\Http\\Middleware\\ValidatePostSize->handle(Object(Illuminate\\Http\\Request), Object(Closure))
#57 /home/vagrant/code/u09-imdb-clone/vendor/laravel/framework/src/Illuminate/Routing/Pipeline.php(53): Illuminate\\Pipeline\\Pipeline->Illuminate\\Pipeline\\{closure}(Object(Illuminate\\Http\\Request))
#58 /home/vagrant/code/u09-imdb-clone/vendor/laravel/framework/src/Illuminate/Foundation/Http/Middleware/CheckForMaintenanceMode.php(62): Illuminate\\Routing\\Pipeline->Illuminate\\Routing\\{closure}(Object(Illuminate\\Http\\Request))
#59 /home/vagrant/code/u09-imdb-clone/vendor/laravel/framework/src/Illuminate/Pipeline/Pipeline.php(163): Illuminate\\Foundation\\Http\\Middleware\\CheckForMaintenanceMode->handle(Object(Illuminate\\Http\\Request), Object(Closure))
#60 /home/vagrant/code/u09-imdb-clone/vendor/laravel/framework/src/Illuminate/Routing/Pipeline.php(53): Illuminate\\Pipeline\\Pipeline->Illuminate\\Pipeline\\{closure}(Object(Illuminate\\Http\\Request))
#61 /home/vagrant/code/u09-imdb-clone/vendor/laravel/framework/src/Illuminate/Pipeline/Pipeline.php(104): Illuminate\\Routing\\Pipeline->Illuminate\\Routing\\{closure}(Object(Illuminate\\Http\\Request))
#62 /home/vagrant/code/u09-imdb-clone/vendor/laravel/framework/src/Illuminate/Foundation/Http/Kernel.php(151): Illuminate\\Pipeline\\Pipeline->then(Object(Closure))
#63 /home/vagrant/code/u09-imdb-clone/vendor/laravel/framework/src/Illuminate/Foundation/Http/Kernel.php(116): Illuminate\\Foundation\\Http\\Kernel->sendRequestThroughRouter(Object(Illuminate\\Http\\Request))
#64 /home/vagrant/code/u09-imdb-clone/public/index.php(52): Illuminate\\Foundation\\Http\\Kernel->handle(Object(Illuminate\\Http\\Request))
#65 {main}
"} 
[2019-02-26 15:38:58] local.INFO: User Logged Out.  ["[object] (App\\Models\\User: {\"id\":1,\"name\":\"ratke.eleanora\",\"first_name\":\"Cecilia\",\"last_name\":\"Herzog\",\"email\":\"admin@admin.com\",\"signup_ip_address\":null,\"signup_confirmation_ip_address\":\"7.119.112.202\",\"signup_sm_ip_address\":null,\"admin_ip_address\":\"73.190.56.33\",\"updated_ip_address\":null,\"deleted_ip_address\":null,\"created_at\":\"2019-02-26 15:15:04\",\"updated_at\":\"2019-02-26 15:15:04\",\"deleted_at\":null})"] 
[2019-02-26 15:39:15] local.INFO: User Logged Out.  ["[object] (App\\Models\\User: {\"id\":1,\"name\":\"ratke.eleanora\",\"first_name\":\"Cecilia\",\"last_name\":\"Herzog\",\"email\":\"admin@admin.com\",\"signup_ip_address\":null,\"signup_confirmation_ip_address\":\"7.119.112.202\",\"signup_sm_ip_address\":null,\"admin_ip_address\":\"73.190.56.33\",\"updated_ip_address\":null,\"deleted_ip_address\":null,\"created_at\":\"2019-02-26 15:15:04\",\"updated_at\":\"2019-02-26 15:15:04\",\"deleted_at\":null})"] 
[2019-02-26 15:39:39] local.INFO: CheckCurrentUser middlware was used: profile.edit.  ["[object] (App\\Models\\User: {\"id\":2,\"name\":\"ferry.austin\",\"first_name\":\"Jazmin\",\"last_name\":\"Walsh\",\"email\":\"user@user.com\",\"signup_ip_address\":\"47.33.63.56\",\"signup_confirmation_ip_address\":\"15.221.72.98\",\"signup_sm_ip_address\":null,\"admin_ip_address\":null,\"updated_ip_address\":null,\"deleted_ip_address\":null,\"created_at\":\"2019-02-26 15:15:04\",\"updated_at\":\"2019-02-26 15:15:04\",\"deleted_at\":null,\"profile\":{\"id\":2,\"user_id\":2,\"theme_id\":1,\"location\":null,\"bio\":null,\"twitter_username\":null,\"github_username\":null,\"avatar\":null,\"avatar_status\":0,\"created_at\":\"2019-02-26 15:15:04\",\"updated_at\":\"2019-02-26 15:15:04\"}})"] 
[2019-02-26 15:39:56] local.INFO: User Logged Out.  ["[object] (App\\Models\\User: {\"id\":2,\"name\":\"ferry.austin\",\"first_name\":\"Jazmin\",\"last_name\":\"Walsh\",\"email\":\"user@user.com\",\"signup_ip_address\":\"47.33.63.56\",\"signup_confirmation_ip_address\":\"15.221.72.98\",\"signup_sm_ip_address\":null,\"admin_ip_address\":null,\"updated_ip_address\":null,\"deleted_ip_address\":null,\"created_at\":\"2019-02-26 15:15:04\",\"updated_at\":\"2019-02-26 15:15:04\",\"deleted_at\":null})"] 
[2019-02-26 16:01:52] local.ERROR: The payload is invalid. {"userId":1,"email":"admin@admin.com","exception":"[object] (Illuminate\\Contracts\\Encryption\\DecryptException(code: 0): The payload is invalid. at /home/vagrant/code/u09-imdb-clone/vendor/laravel/framework/src/Illuminate/Encryption/Encrypter.php:191)
[stacktrace]
#0 /home/vagrant/code/u09-imdb-clone/vendor/laravel/framework/src/Illuminate/Encryption/Encrypter.php(134): Illuminate\\Encryption\\Encrypter->getJsonPayload(NULL)
#1 /home/vagrant/code/u09-imdb-clone/vendor/laravel/framework/src/Illuminate/Support/Facades/Facade.php(237): Illuminate\\Encryption\\Encrypter->decrypt('bGFyYXZlbC0yMDE...')
#2 /home/vagrant/code/u09-imdb-clone/vendor/rap2hpoutre/laravel-log-viewer/src/controllers/LogViewerController.php(49): Illuminate\\Support\\Facades\\Facade::__callStatic('decrypt', Array)
#3 [internal function]: Rap2hpoutre\\LaravelLogViewer\\LogViewerController->index()
#4 /home/vagrant/code/u09-imdb-clone/vendor/laravel/framework/src/Illuminate/Routing/Controller.php(54): call_user_func_array(Array, Array)
#5 /home/vagrant/code/u09-imdb-clone/vendor/laravel/framework/src/Illuminate/Routing/ControllerDispatcher.php(45): Illuminate\\Routing\\Controller->callAction('index', Array)
#6 /home/vagrant/code/u09-imdb-clone/vendor/laravel/framework/src/Illuminate/Routing/Route.php(219): Illuminate\\Routing\\ControllerDispatcher->dispatch(Object(Illuminate\\Routing\\Route), Object(Rap2hpoutre\\LaravelLogViewer\\LogViewerController), 'index')
#7 /home/vagrant/code/u09-imdb-clone/vendor/laravel/framework/src/Illuminate/Routing/Route.php(176): Illuminate\\Routing\\Route->runController()
#8 /home/vagrant/code/u09-imdb-clone/vendor/laravel/framework/src/Illuminate/Routing/Router.php(682): Illuminate\\Routing\\Route->run()
#9 /home/vagrant/code/u09-imdb-clone/vendor/laravel/framework/src/Illuminate/Routing/Pipeline.php(30): Illuminate\\Routing\\Router->Illuminate\\Routing\\{closure}(Object(Illuminate\\Http\\Request))
#10 /home/vagrant/code/u09-imdb-clone/vendor/jeremykenedy/laravel2step/src/app/Http/Middleware/Laravel2step.php(24): Illuminate\\Routing\\Pipeline->Illuminate\\Routing\\{closure}(Object(Illuminate\\Http\\Request))
#11 /home/vagrant/code/u09-imdb-clone/vendor/laravel/framework/src/Illuminate/Pipeline/Pipeline.php(163): jeremykenedy\\laravel2step\\App\\Http\\Middleware\\Laravel2step->handle(Object(Illuminate\\Http\\Request), Object(Closure))
#12 /home/vagrant/code/u09-imdb-clone/vendor/laravel/framework/src/Illuminate/Routing/Pipeline.php(53): Illuminate\\Pipeline\\Pipeline->Illuminate\\Pipeline\\{closure}(Object(Illuminate\\Http\\Request))
#13 /home/vagrant/code/u09-imdb-clone/vendor/jeremykenedy/laravel-logger/src/app/Http/Middleware/LogActivity.php(27): Illuminate\\Routing\\Pipeline->Illuminate\\Routing\\{closure}(Object(Illuminate\\Http\\Request))
#14 /home/vagrant/code/u09-imdb-clone/vendor/laravel/framework/src/Illuminate/Pipeline/Pipeline.php(163): jeremykenedy\\LaravelLogger\\App\\Http\\Middleware\\LogActivity->handle(Object(Illuminate\\Http\\Request), Object(Closure))
#15 /home/vagrant/code/u09-imdb-clone/vendor/laravel/framework/src/Illuminate/Routing/Pipeline.php(53): Illuminate\\Pipeline\\Pipeline->Illuminate\\Pipeline\\{closure}(Object(Illuminate\\Http\\Request))
#16 /home/vagrant/code/u09-imdb-clone/vendor/jeremykenedy/laravel-roles/src/Middleware/VerifyRole.php(41): Illuminate\\Routing\\Pipeline->Illuminate\\Routing\\{closure}(Object(Illuminate\\Http\\Request))
#17 /home/vagrant/code/u09-imdb-clone/vendor/laravel/framework/src/Illuminate/Pipeline/Pipeline.php(163): jeremykenedy\\LaravelRoles\\Middleware\\VerifyRole->handle(Object(Illuminate\\Http\\Request), Object(Closure), 'admin')
#18 /home/vagrant/code/u09-imdb-clone/vendor/laravel/framework/src/Illuminate/Routing/Pipeline.php(53): Illuminate\\Pipeline\\Pipeline->Illuminate\\Pipeline\\{closure}(Object(Illuminate\\Http\\Request))
#19 /home/vagrant/code/u09-imdb-clone/app/Http/Middleware/CheckIsUserActivated.php(83): Illuminate\\Routing\\Pipeline->Illuminate\\Routing\\{closure}(Object(Illuminate\\Http\\Request))
#20 /home/vagrant/code/u09-imdb-clone/vendor/laravel/framework/src/Illuminate/Pipeline/Pipeline.php(163): App\\Http\\Middleware\\CheckIsUserActivated->handle(Object(Illuminate\\Http\\Request), Object(Closure))
#21 /home/vagrant/code/u09-imdb-clone/vendor/laravel/framework/src/Illuminate/Routing/Pipeline.php(53): Illuminate\\Pipeline\\Pipeline->Illuminate\\Pipeline\\{closure}(Object(Illuminate\\Http\\Request))
#22 /home/vagrant/code/u09-imdb-clone/vendor/laravel/framework/src/Illuminate/Routing/Middleware/SubstituteBindings.php(41): Illuminate\\Routing\\Pipeline->Illuminate\\Routing\\{closure}(Object(Illuminate\\Http\\Request))
#23 /home/vagrant/code/u09-imdb-clone/vendor/laravel/framework/src/Illuminate/Pipeline/Pipeline.php(163): Illuminate\\Routing\\Middleware\\SubstituteBindings->handle(Object(Illuminate\\Http\\Request), Object(Closure))
#24 /home/vagrant/code/u09-imdb-clone/vendor/laravel/framework/src/Illuminate/Routing/Pipeline.php(53): Illuminate\\Pipeline\\Pipeline->Illuminate\\Pipeline\\{closure}(Object(Illuminate\\Http\\Request))
#25 /home/vagrant/code/u09-imdb-clone/vendor/laravel/framework/src/Illuminate/Auth/Middleware/Authenticate.php(43): Illuminate\\Routing\\Pipeline->Illuminate\\Routing\\{closure}(Object(Illuminate\\Http\\Request))
#26 /home/vagrant/code/u09-imdb-clone/vendor/laravel/framework/src/Illuminate/Pipeline/Pipeline.php(163): Illuminate\\Auth\\Middleware\\Authenticate->handle(Object(Illuminate\\Http\\Request), Object(Closure))
#27 /home/vagrant/code/u09-imdb-clone/vendor/laravel/framework/src/Illuminate/Routing/Pipeline.php(53): Illuminate\\Pipeline\\Pipeline->Illuminate\\Pipeline\\{closure}(Object(Illuminate\\Http\\Request))
#28 /home/vagrant/code/u09-imdb-clone/vendor/laravel/framework/src/Illuminate/Foundation/Http/Middleware/VerifyCsrfToken.php(75): Illuminate\\Routing\\Pipeline->Illuminate\\Routing\\{closure}(Object(Illuminate\\Http\\Request))
#29 /home/vagrant/code/u09-imdb-clone/vendor/laravel/framework/src/Illuminate/Pipeline/Pipeline.php(163): Illuminate\\Foundation\\Http\\Middleware\\VerifyCsrfToken->handle(Object(Illuminate\\Http\\Request), Object(Closure))
#30 /home/vagrant/code/u09-imdb-clone/vendor/laravel/framework/src/Illuminate/Routing/Pipeline.php(53): Illuminate\\Pipeline\\Pipeline->Illuminate\\Pipeline\\{closure}(Object(Illuminate\\Http\\Request))
#31 /home/vagrant/code/u09-imdb-clone/vendor/laravel/framework/src/Illuminate/View/Middleware/ShareErrorsFromSession.php(49): Illuminate\\Routing\\Pipeline->Illuminate\\Routing\\{closure}(Object(Illuminate\\Http\\Request))
#32 /home/vagrant/code/u09-imdb-clone/vendor/laravel/framework/src/Illuminate/Pipeline/Pipeline.php(163): Illuminate\\View\\Middleware\\ShareErrorsFromSession->handle(Object(Illuminate\\Http\\Request), Object(Closure))
#33 /home/vagrant/code/u09-imdb-clone/vendor/laravel/framework/src/Illuminate/Routing/Pipeline.php(53): Illuminate\\Pipeline\\Pipeline->Illuminate\\Pipeline\\{closure}(Object(Illuminate\\Http\\Request))
#34 /home/vagrant/code/u09-imdb-clone/vendor/laravel/framework/src/Illuminate/Session/Middleware/StartSession.php(63): Illuminate\\Routing\\Pipeline->Illuminate\\Routing\\{closure}(Object(Illuminate\\Http\\Request))
#35 /home/vagrant/code/u09-imdb-clone/vendor/laravel/framework/src/Illuminate/Pipeline/Pipeline.php(163): Illuminate\\Session\\Middleware\\StartSession->handle(Object(Illuminate\\Http\\Request), Object(Closure))
#36 /home/vagrant/code/u09-imdb-clone/vendor/laravel/framework/src/Illuminate/Routing/Pipeline.php(53): Illuminate\\Pipeline\\Pipeline->Illuminate\\Pipeline\\{closure}(Object(Illuminate\\Http\\Request))
#37 /home/vagrant/code/u09-imdb-clone/vendor/laravel/framework/src/Illuminate/Cookie/Middleware/AddQueuedCookiesToResponse.php(37): Illuminate\\Routing\\Pipeline->Illuminate\\Routing\\{closure}(Object(Illuminate\\Http\\Request))
#38 /home/vagrant/code/u09-imdb-clone/vendor/laravel/framework/src/Illuminate/Pipeline/Pipeline.php(163): Illuminate\\Cookie\\Middleware\\AddQueuedCookiesToResponse->handle(Object(Illuminate\\Http\\Request), Object(Closure))
#39 /home/vagrant/code/u09-imdb-clone/vendor/laravel/framework/src/Illuminate/Routing/Pipeline.php(53): Illuminate\\Pipeline\\Pipeline->Illuminate\\Pipeline\\{closure}(Object(Illuminate\\Http\\Request))
#40 /home/vagrant/code/u09-imdb-clone/vendor/laravel/framework/src/Illuminate/Cookie/Middleware/EncryptCookies.php(66): Illuminate\\Routing\\Pipeline->Illuminate\\Routing\\{closure}(Object(Illuminate\\Http\\Request))
#41 /home/vagrant/code/u09-imdb-clone/vendor/laravel/framework/src/Illuminate/Pipeline/Pipeline.php(163): Illuminate\\Cookie\\Middleware\\EncryptCookies->handle(Object(Illuminate\\Http\\Request), Object(Closure))
#42 /home/vagrant/code/u09-imdb-clone/vendor/laravel/framework/src/Illuminate/Routing/Pipeline.php(53): Illuminate\\Pipeline\\Pipeline->Illuminate\\Pipeline\\{closure}(Object(Illuminate\\Http\\Request))
#43 /home/vagrant/code/u09-imdb-clone/vendor/laravel/framework/src/Illuminate/Pipeline/Pipeline.php(104): Illuminate\\Routing\\Pipeline->Illuminate\\Routing\\{closure}(Object(Illuminate\\Http\\Request))
#44 /home/vagrant/code/u09-imdb-clone/vendor/laravel/framework/src/Illuminate/Routing/Router.php(684): Illuminate\\Pipeline\\Pipeline->then(Object(Closure))
#45 /home/vagrant/code/u09-imdb-clone/vendor/laravel/framework/src/Illuminate/Routing/Router.php(659): Illuminate\\Routing\\Router->runRouteWithinStack(Object(Illuminate\\Routing\\Route), Object(Illuminate\\Http\\Request))
#46 /home/vagrant/code/u09-imdb-clone/vendor/laravel/framework/src/Illuminate/Routing/Router.php(625): Illuminate\\Routing\\Router->runRoute(Object(Illuminate\\Http\\Request), Object(Illuminate\\Routing\\Route))
#47 /home/vagrant/code/u09-imdb-clone/vendor/laravel/framework/src/Illuminate/Routing/Router.php(614): Illuminate\\Routing\\Router->dispatchToRoute(Object(Illuminate\\Http\\Request))
#48 /home/vagrant/code/u09-imdb-clone/vendor/laravel/framework/src/Illuminate/Foundation/Http/Kernel.php(176): Illuminate\\Routing\\Router->dispatch(Object(Illuminate\\Http\\Request))
#49 /home/vagrant/code/u09-imdb-clone/vendor/laravel/framework/src/Illuminate/Routing/Pipeline.php(30): Illuminate\\Foundation\\Http\\Kernel->Illuminate\\Foundation\\Http\\{closure}(Object(Illuminate\\Http\\Request))
#50 /home/vagrant/code/u09-imdb-clone/vendor/barryvdh/laravel-debugbar/src/Middleware/InjectDebugbar.php(65): Illuminate\\Routing\\Pipeline->Illuminate\\Routing\\{closure}(Object(Illuminate\\Http\\Request))
#51 /home/vagrant/code/u09-imdb-clone/vendor/laravel/framework/src/Illuminate/Pipeline/Pipeline.php(163): Barryvdh\\Debugbar\\Middleware\\InjectDebugbar->handle(Object(Illuminate\\Http\\Request), Object(Closure))
#52 /home/vagrant/code/u09-imdb-clone/vendor/laravel/framework/src/Illuminate/Routing/Pipeline.php(53): Illuminate\\Pipeline\\Pipeline->Illuminate\\Pipeline\\{closure}(Object(Illuminate\\Http\\Request))
#53 /home/vagrant/code/u09-imdb-clone/vendor/fideloper/proxy/src/TrustProxies.php(57): Illuminate\\Routing\\Pipeline->Illuminate\\Routing\\{closure}(Object(Illuminate\\Http\\Request))
#54 /home/vagrant/code/u09-imdb-clone/vendor/laravel/framework/src/Illuminate/Pipeline/Pipeline.php(163): Fideloper\\Proxy\\TrustProxies->handle(Object(Illuminate\\Http\\Request), Object(Closure))
#55 /home/vagrant/code/u09-imdb-clone/vendor/laravel/framework/src/Illuminate/Routing/Pipeline.php(53): Illuminate\\Pipeline\\Pipeline->Illuminate\\Pipeline\\{closure}(Object(Illuminate\\Http\\Request))
#56 /home/vagrant/code/u09-imdb-clone/vendor/laravel/framework/src/Illuminate/Foundation/Http/Middleware/TransformsRequest.php(31): Illuminate\\Routing\\Pipeline->Illuminate\\Routing\\{closure}(Object(Illuminate\\Http\\Request))
#57 /home/vagrant/code/u09-imdb-clone/vendor/laravel/framework/src/Illuminate/Pipeline/Pipeline.php(163): Illuminate\\Foundation\\Http\\Middleware\\TransformsRequest->handle(Object(Illuminate\\Http\\Request), Object(Closure))
#58 /home/vagrant/code/u09-imdb-clone/vendor/laravel/framework/src/Illuminate/Routing/Pipeline.php(53): Illuminate\\Pipeline\\Pipeline->Illuminate\\Pipeline\\{closure}(Object(Illuminate\\Http\\Request))
#59 /home/vagrant/code/u09-imdb-clone/vendor/laravel/framework/src/Illuminate/Foundation/Http/Middleware/TransformsRequest.php(31): Illuminate\\Routing\\Pipeline->Illuminate\\Routing\\{closure}(Object(Illuminate\\Http\\Request))
#60 /home/vagrant/code/u09-imdb-clone/vendor/laravel/framework/src/Illuminate/Pipeline/Pipeline.php(163): Illuminate\\Foundation\\Http\\Middleware\\TransformsRequest->handle(Object(Illuminate\\Http\\Request), Object(Closure))
#61 /home/vagrant/code/u09-imdb-clone/vendor/laravel/framework/src/Illuminate/Routing/Pipeline.php(53): Illuminate\\Pipeline\\Pipeline->Illuminate\\Pipeline\\{closure}(Object(Illuminate\\Http\\Request))
#62 /home/vagrant/code/u09-imdb-clone/vendor/laravel/framework/src/Illuminate/Foundation/Http/Middleware/ValidatePostSize.php(27): Illuminate\\Routing\\Pipeline->Illuminate\\Routing\\{closure}(Object(Illuminate\\Http\\Request))
#63 /home/vagrant/code/u09-imdb-clone/vendor/laravel/framework/src/Illuminate/Pipeline/Pipeline.php(163): Illuminate\\Foundation\\Http\\Middleware\\ValidatePostSize->handle(Object(Illuminate\\Http\\Request), Object(Closure))
#64 /home/vagrant/code/u09-imdb-clone/vendor/laravel/framework/src/Illuminate/Routing/Pipeline.php(53): Illuminate\\Pipeline\\Pipeline->Illuminate\\Pipeline\\{closure}(Object(Illuminate\\Http\\Request))
#65 /home/vagrant/code/u09-imdb-clone/vendor/laravel/framework/src/Illuminate/Foundation/Http/Middleware/CheckForMaintenanceMode.php(62): Illuminate\\Routing\\Pipeline->Illuminate\\Routing\\{closure}(Object(Illuminate\\Http\\Request))
#66 /home/vagrant/code/u09-imdb-clone/vendor/laravel/framework/src/Illuminate/Pipeline/Pipeline.php(163): Illuminate\\Foundation\\Http\\Middleware\\CheckForMaintenanceMode->handle(Object(Illuminate\\Http\\Request), Object(Closure))
#67 /home/vagrant/code/u09-imdb-clone/vendor/laravel/framework/src/Illuminate/Routing/Pipeline.php(53): Illuminate\\Pipeline\\Pipeline->Illuminate\\Pipeline\\{closure}(Object(Illuminate\\Http\\Request))
#68 /home/vagrant/code/u09-imdb-clone/vendor/laravel/framework/src/Illuminate/Pipeline/Pipeline.php(104): Illuminate\\Routing\\Pipeline->Illuminate\\Routing\\{closure}(Object(Illuminate\\Http\\Request))
#69 /home/vagrant/code/u09-imdb-clone/vendor/laravel/framework/src/Illuminate/Foundation/Http/Kernel.php(151): Illuminate\\Pipeline\\Pipeline->then(Object(Closure))
#70 /home/vagrant/code/u09-imdb-clone/vendor/laravel/framework/src/Illuminate/Foundation/Http/Kernel.php(116): Illuminate\\Foundation\\Http\\Kernel->sendRequestThroughRouter(Object(Illuminate\\Http\\Request))
#71 /home/vagrant/code/u09-imdb-clone/public/index.php(52): Illuminate\\Foundation\\Http\\Kernel->handle(Object(Illuminate\\Http\\Request))
#72 {main}
"} 
[2019-02-26 16:03:02] local.INFO: User Logged Out.  ["[object] (App\\Models\\User: {\"id\":1,\"name\":\"ratke.eleanora\",\"first_name\":\"Cecilia\",\"last_name\":\"Herzog\",\"email\":\"admin@admin.com\",\"signup_ip_address\":null,\"signup_confirmation_ip_address\":\"7.119.112.202\",\"signup_sm_ip_address\":null,\"admin_ip_address\":\"73.190.56.33\",\"updated_ip_address\":null,\"deleted_ip_address\":null,\"created_at\":\"2019-02-26 15:15:04\",\"updated_at\":\"2019-02-26 15:15:04\",\"deleted_at\":null})"] 
